[init] === Cilium Router Addon Init ===
[init] Testing cluster connectivity...
[init] Cluster connection OK
[init] Container ID: 967ff6a832da9ffb3f3d2c61b5ec2566be2a96af6970d30648bc1359a6006bd4
[init] Container merged dir: /mnt/data/docker/overlay2/5f4aef45c0accd2a509cc2803c5400a33f71beda6b5a3a8ad1d559fd8b0d0ba4/merged
[init] Setting up host bind mounts...
[init] Restarting container to activate bind mounts...
[init] === Cilium Router Addon Init ===
[init] Testing cluster connectivity...
[init] Cluster connection OK
[init] Container ID: 967ff6a832da9ffb3f3d2c61b5ec2566be2a96af6970d30648bc1359a6006bd4
[init] Container merged dir: /mnt/data/docker/overlay2/5f4aef45c0accd2a509cc2803c5400a33f71beda6b5a3a8ad1d559fd8b0d0ba4/merged
[init] Host bind mounts already present
[init] config: fetching Cilium config from cluster...
time=2026-03-21T09:15:16.887702548Z level=info msg=Running subsys=cilium-dbg
time=2026-03-21T09:15:16.932571531Z level=info msg="Starting hive" subsys=cilium-dbg
time=2026-03-21T09:15:16.934111546Z level=info msg="Establishing connection to apiserver" subsys=cilium-dbg module=k8s-client ipAddr=https://192.168.1.37:6443
time=2026-03-21T09:15:16.972303631Z level=info msg="Connected to apiserver" subsys=cilium-dbg module=k8s-client
time=2026-03-21T09:15:16.978595526Z level=info msg="Reading configuration from source" subsys=cilium-dbg module=build-config configSource="{Kind:config-map Namespace:kube-system Name:cilium-config}"
time=2026-03-21T09:15:16.988175704Z level=info msg="Got configuration source" subsys=cilium-dbg module=build-config lenConfigPairs=161 configSource="{Kind:config-map Namespace:kube-system Name:cilium-config}"
time=2026-03-21T09:15:16.988452206Z level=info msg="Reading configuration from source" subsys=cilium-dbg module=build-config configSource="{Kind:cilium-node-config Namespace:kube-system Name:}"
time=2026-03-21T09:15:17.007279475Z level=info msg="\"Warning: cilium.io/v2alpha1 CiliumNodeConfig will be deprecated in cilium v1.16; use cilium.io/v2 CiliumNodeConfig\"" subsys=klog
time=2026-03-21T09:15:17.007779397Z level=info msg="Got configuration source" subsys=cilium-dbg module=build-config lenConfigPairs=0 configSource="{Kind:cilium-node-config Namespace:kube-system Name:}"
time=2026-03-21T09:15:17.053038925Z level=info msg="Started hive" subsys=cilium-dbg duration=120.355101ms
time=2026-03-21T09:15:17.054335397Z level=info msg="Stopping hive" subsys=cilium-dbg
time=2026-03-21T09:15:17.055127571Z level=info msg="Stopped hive" subsys=cilium-dbg duration=677.256µs
[init]   Config ready (164 keys)
[init] mount-cgroup: mounting cgroup2 on host...
time=2026-03-21T10:15:17.114884242+01:00 level=info msg="Mounted cgroupv2 filesystem" location=/run/cilium/cgroupv2
[init] apply-sysctl-overwrites: applying sysctls on host...
sysctl config up-to-date, nothing to do
[init] mount-bpf-fs: verifying host BPF filesystem at /host/bpf...
[init] clean-cilium-state: cleaning stale state...
[init] Fetching clustermesh secrets...
[init]   cilium-clustermesh: not found (optional)
[init]   clustermesh-apiserver-remote-cert: OK
[init]   clustermesh-apiserver-local-cert: OK
[init]   Clustermesh files: common-etcd-client-ca.crt common-etcd-client.crt common-etcd-client.key local-etcd-client-ca.crt local-etcd-client.crt local-etcd-client.key 
[init] Creating/updating Node 'ha-cilium'...
[init] Creating Node 'ha-cilium' at 192.168.1.68...
node/ha-cilium created
node/ha-cilium patched
[init] Node 'ha-cilium' ready at 192.168.1.68
[init] WARNING: BTF not available - legacy BPF probe mode
[init] WireGuard module loaded
[init] === Init complete, starting services ===
[heartbeat] Started (PID 256100)
[agent] Starting cilium-agent as node 'ha-cilium'...
[agent] Direct routing device: end0
node/ha-cilium patched
time=2026-03-21T09:15:20.884330342Z level=info msg="Memory available for map entries (0.250% of 4113805312B): 10284513B"
time=2026-03-21T09:15:20.884659637Z level=info msg="option bpf-ct-global-tcp-max set by dynamic sizing to 131072"
time=2026-03-21T09:15:20.884704846Z level=info msg="option bpf-ct-global-any-max set by dynamic sizing to 65536"
time=2026-03-21T09:15:20.884763763Z level=info msg="option bpf-nat-global-max set by dynamic sizing to 131072"
time=2026-03-21T09:15:20.884810138Z level=info msg="option bpf-neigh-global-max set by dynamic sizing to 131072"
time=2026-03-21T09:15:20.888452799Z level=info msg="  --agent-health-port='9879'"
time=2026-03-21T09:15:20.888575009Z level=info msg="  --agent-health-require-k8s-connectivity='true'"
time=2026-03-21T09:15:20.888686135Z level=info msg="  --agent-labels=''"
time=2026-03-21T09:15:20.88872551Z level=info msg="  --agent-liveness-update-interval='1s'"
time=2026-03-21T09:15:20.888758761Z level=info msg="  --agent-not-ready-taint-key='node.cilium.io/agent-not-ready'"
time=2026-03-21T09:15:20.888943096Z level=info msg="  --alibabacloud-security-group-tags=''"
time=2026-03-21T09:15:20.88900843Z level=info msg="  --alibabacloud-security-groups=''"
time=2026-03-21T09:15:20.88907843Z level=info msg="  --alibabacloud-vswitch-tags=''"
time=2026-03-21T09:15:20.889141723Z level=info msg="  --alibabacloud-vswitches=''"
time=2026-03-21T09:15:20.889178473Z level=info msg="  --allocator-list-timeout='3m0s'"
time=2026-03-21T09:15:20.889213473Z level=info msg="  --allow-icmp-frag-needed='true'"
time=2026-03-21T09:15:20.889246432Z level=info msg="  --allow-localhost='auto'"
time=2026-03-21T09:15:20.889277641Z level=info msg="  --allow-unsafe-policy-skb-usage='false'"
time=2026-03-21T09:15:20.889309141Z level=info msg="  --annotate-k8s-node='false'"
time=2026-03-21T09:15:20.889352016Z level=info msg="  --api-rate-limit=''"
time=2026-03-21T09:15:20.889383808Z level=info msg="  --auto-create-cilium-node-resource='true'"
time=2026-03-21T09:15:20.889416767Z level=info msg="  --auto-direct-node-routes='false'"
time=2026-03-21T09:15:20.889455559Z level=info msg="  --azure-interface-name=''"
time=2026-03-21T09:15:20.889494351Z level=info msg="  --bgp-router-id-allocation-ip-pool=''"
time=2026-03-21T09:15:20.889527601Z level=info msg="  --bgp-router-id-allocation-mode='default'"
time=2026-03-21T09:15:20.889559102Z level=info msg="  --boot-id-file='/proc/sys/kernel/random/boot_id'"
time=2026-03-21T09:15:20.889600227Z level=info msg="  --bpf-auth-map-max='524288'"
time=2026-03-21T09:15:20.889632019Z level=info msg="  --bpf-conntrack-accounting='false'"
time=2026-03-21T09:15:20.889666144Z level=info msg="  --bpf-ct-global-any-max='262144'"
time=2026-03-21T09:15:20.889699103Z level=info msg="  --bpf-ct-global-tcp-max='524288'"
time=2026-03-21T09:15:20.889731187Z level=info msg="  --bpf-ct-timeout-regular-any='1m0s'"
time=2026-03-21T09:15:20.889802354Z level=info msg="  --bpf-ct-timeout-regular-tcp='2h13m20s'"
time=2026-03-21T09:15:20.889836479Z level=info msg="  --bpf-ct-timeout-regular-tcp-fin='10s'"
time=2026-03-21T09:15:20.889868271Z level=info msg="  --bpf-ct-timeout-regular-tcp-syn='1m0s'"
time=2026-03-21T09:15:20.88990123Z level=info msg="  --bpf-ct-timeout-service-any='1m0s'"
time=2026-03-21T09:15:20.889933314Z level=info msg="  --bpf-ct-timeout-service-tcp='2h13m20s'"
time=2026-03-21T09:15:20.889965689Z level=info msg="  --bpf-ct-timeout-service-tcp-grace='1m0s'"
time=2026-03-21T09:15:20.889996023Z level=info msg="  --bpf-distributed-lru='false'"
time=2026-03-21T09:15:20.890478152Z level=info msg="  --bpf-events-default-burst-limit='0'"
time=2026-03-21T09:15:20.890640029Z level=info msg="  --bpf-events-default-rate-limit='0'"
time=2026-03-21T09:15:20.890781197Z level=info msg="  --bpf-events-drop-enabled='true'"
time=2026-03-21T09:15:20.890912157Z level=info msg="  --bpf-events-policy-verdict-enabled='true'"
time=2026-03-21T09:15:20.891026783Z level=info msg="  --bpf-events-trace-enabled='true'"
time=2026-03-21T09:15:20.891157451Z level=info msg="  --bpf-filter-priority='1'"
time=2026-03-21T09:15:20.891287244Z level=info msg="  --bpf-fragments-map-max='8192'"
time=2026-03-21T09:15:20.891403037Z level=info msg="  --bpf-lb-acceleration='disabled'"
time=2026-03-21T09:15:20.891532246Z level=info msg="  --bpf-lb-affinity-map-max='0'"
time=2026-03-21T09:15:20.891657372Z level=info msg="  --bpf-lb-algorithm='random'"
time=2026-03-21T09:15:20.891764707Z level=info msg="  --bpf-lb-algorithm-annotation='false'"
time=2026-03-21T09:15:20.891869999Z level=info msg="  --bpf-lb-dsr-dispatch='opt'"
time=2026-03-21T09:15:20.891991334Z level=info msg="  --bpf-lb-external-clusterip='true'"
time=2026-03-21T09:15:20.892109169Z level=info msg="  --bpf-lb-ipip-sock-mark='false'"
time=2026-03-21T09:15:20.89222117Z level=info msg="  --bpf-lb-maglev-hash-seed='JLfvgnHc2kaSUFaI'"
time=2026-03-21T09:15:20.892336087Z level=info msg="  --bpf-lb-maglev-map-max='0'"
time=2026-03-21T09:15:20.892475505Z level=info msg="  --bpf-lb-maglev-table-size='16381'"
time=2026-03-21T09:15:20.892607923Z level=info msg="  --bpf-lb-map-max='65536'"
time=2026-03-21T09:15:20.89272955Z level=info msg="  --bpf-lb-mode='snat'"
time=2026-03-21T09:15:20.892839217Z level=info msg="  --bpf-lb-mode-annotation='false'"
time=2026-03-21T09:15:20.892943635Z level=info msg="  --bpf-lb-nat46x64='false'"
time=2026-03-21T09:15:20.893048053Z level=info msg="  --bpf-lb-rev-nat-map-max='0'"
time=2026-03-21T09:15:20.893167637Z level=info msg="  --bpf-lb-rss-ipv4-src-cidr=''"
time=2026-03-21T09:15:20.893297139Z level=info msg="  --bpf-lb-rss-ipv6-src-cidr=''"
time=2026-03-21T09:15:20.893433057Z level=info msg="  --bpf-lb-service-backend-map-max='0'"
time=2026-03-21T09:15:20.893557599Z level=info msg="  --bpf-lb-service-map-max='0'"
time=2026-03-21T09:15:20.893692351Z level=info msg="  --bpf-lb-sock='true'"
time=2026-03-21T09:15:20.893818352Z level=info msg="  --bpf-lb-sock-hostns-only='false'"
time=2026-03-21T09:15:20.893932395Z level=info msg="  --bpf-lb-sock-terminate-pod-connections='true'"
time=2026-03-21T09:15:20.894051979Z level=info msg="  --bpf-lb-source-range-all-types='false'"
time=2026-03-21T09:15:20.894177981Z level=info msg="  --bpf-lb-source-range-map-max='0'"
time=2026-03-21T09:15:20.894288523Z level=info msg="  --bpf-map-dynamic-size-ratio='0.0025'"
time=2026-03-21T09:15:20.894430566Z level=info msg="  --bpf-map-event-buffers=''"
time=2026-03-21T09:15:20.894624527Z level=info msg="  --bpf-nat-global-max='524288'"
time=2026-03-21T09:15:20.894799528Z level=info msg="  --bpf-neigh-global-max='524288'"
time=2026-03-21T09:15:20.894927863Z level=info msg="  --bpf-node-map-max='16384'"
time=2026-03-21T09:15:20.895037531Z level=info msg="  --bpf-policy-map-full-reconciliation-interval='15m0s'"
time=2026-03-21T09:15:20.895151573Z level=info msg="  --bpf-policy-map-max='16384'"
time=2026-03-21T09:15:20.8952872Z level=info msg="  --bpf-policy-map-pressure-metrics-threshold='0.1'"
time=2026-03-21T09:15:20.895413784Z level=info msg="  --bpf-policy-stats-map-max='65536'"
time=2026-03-21T09:15:20.895530744Z level=info msg="  --bpf-root='/host/bpf'"
time=2026-03-21T09:15:20.89565587Z level=info msg="  --bpf-sock-rev-map-max='0'"
time=2026-03-21T09:15:20.895773413Z level=info msg="  --bypass-ip-availability-upon-restore='false'"
time=2026-03-21T09:15:20.895888622Z level=info msg="  --certificates-directory='/var/run/cilium/certs'"
time=2026-03-21T09:15:20.895996248Z level=info msg="  --cgroup-root='/host/cgroup'"
time=2026-03-21T09:15:20.896098041Z level=info msg="  --cilium-endpoint-gc-interval='5m0s'"
time=2026-03-21T09:15:20.896215876Z level=info msg="  --cluster-health-port='4240'"
time=2026-03-21T09:15:20.89632671Z level=info msg="  --cluster-id='2'"
time=2026-03-21T09:15:20.896430253Z level=info msg="  --cluster-name='ardoines'"
time=2026-03-21T09:15:20.89653817Z level=info msg="  --clustermesh-cache-ttl='0s'"
time=2026-03-21T09:15:20.89663763Z level=info msg="  --clustermesh-config='/var/lib/cilium/clustermesh/'"
time=2026-03-21T09:15:20.896747589Z level=info msg="  --clustermesh-enable-endpoint-sync='false'"
time=2026-03-21T09:15:20.896849382Z level=info msg="  --clustermesh-enable-mcs-api='false'"
time=2026-03-21T09:15:20.896965466Z level=info msg="  --clustermesh-mcs-api-install-crds='true'"
time=2026-03-21T09:15:20.897075134Z level=info msg="  --clustermesh-sync-timeout='1m0s'"
time=2026-03-21T09:15:20.897210469Z level=info msg="  --cmdref=''"
time=2026-03-21T09:15:20.897326845Z level=info msg="  --cni-chaining-mode='none'"
time=2026-03-21T09:15:20.897449346Z level=info msg="  --cni-chaining-target=''"
time=2026-03-21T09:15:20.897565139Z level=info msg="  --cni-exclusive='false'"
time=2026-03-21T09:15:20.89768589Z level=info msg="  --cni-external-routing='false'"
time=2026-03-21T09:15:20.897803433Z level=info msg="  --cni-log-file='/var/run/cilium/cilium-cni.log'"
time=2026-03-21T09:15:20.897936434Z level=info msg="  --config=''"
time=2026-03-21T09:15:20.898046977Z level=info msg="  --config-dir='/tmp/cilium/config-map'"
time=2026-03-21T09:15:20.898148186Z level=info msg="  --config-sources='[{\"kind\":\"config-map\",\"namespace\":\"kube-system\",\"name\":\"cilium-config\"}]'"
time=2026-03-21T09:15:20.898261937Z level=info msg="  --config-sources-overrides='{\"allowConfigKeys\":[],\"denyConfigKeys\":[]}'"
time=2026-03-21T09:15:20.898381814Z level=info msg="  --connectivity-probe-frequency-ratio='0.5'"
time=2026-03-21T09:15:20.898499356Z level=info msg="  --conntrack-gc-interval='0s'"
time=2026-03-21T09:15:20.898610191Z level=info msg="  --conntrack-gc-max-interval='0s'"
time=2026-03-21T09:15:20.898727442Z level=info msg="  --container-ip-local-reserved-ports='auto'"
time=2026-03-21T09:15:20.898935694Z level=info msg="  --controller-group-metrics=''"
time=2026-03-21T09:15:20.899110987Z level=info msg="  --crd-wait-timeout='5m0s'"
time=2026-03-21T09:15:20.899247197Z level=info msg="  --custom-cni-conf='false'"
time=2026-03-21T09:15:20.899372907Z level=info msg="  --datapath-mode='veth'"
time=2026-03-21T09:15:20.899496866Z level=info msg="  --debug='false'"
time=2026-03-21T09:15:20.899631326Z level=info msg="  --debug-verbose=''"
time=2026-03-21T09:15:20.899757327Z level=info msg="  --default-lb-service-ipam='lbipam'"
time=2026-03-21T09:15:20.899896453Z level=info msg="  --derive-masq-ip-addr-from-device=''"
time=2026-03-21T09:15:20.90019629Z level=info msg="  --devices=''"
time=2026-03-21T09:15:20.900431084Z level=info msg="  --direct-routing-device='end0'"
time=2026-03-21T09:15:20.900610752Z level=info msg="  --direct-routing-skip-unreachable='false'"
time=2026-03-21T09:15:20.900782546Z level=info msg="  --disable-endpoint-crd='false'"
time=2026-03-21T09:15:20.900942964Z level=info msg="  --disable-envoy-version-check='false'"
time=2026-03-21T09:15:20.90110134Z level=info msg="  --disable-external-ip-mitigation='false'"
time=2026-03-21T09:15:20.901318634Z level=info msg="  --disable-iptables-feeder-rules=''"
time=2026-03-21T09:15:20.901505886Z level=info msg="  --dns-max-ips-per-restored-rule='1000'"
time=2026-03-21T09:15:20.901669513Z level=info msg="  --dns-policy-unload-on-shutdown='false'"
time=2026-03-21T09:15:20.901833723Z level=info msg="  --dnsproxy-concurrency-limit='0'"
time=2026-03-21T09:15:20.901980724Z level=info msg="  --dnsproxy-concurrency-processing-grace-period='0s'"
time=2026-03-21T09:15:20.902129767Z level=info msg="  --dnsproxy-enable-transparent-mode='true'"
time=2026-03-21T09:15:20.90227881Z level=info msg="  --dnsproxy-insecure-skip-transparent-mode-check='false'"
time=2026-03-21T09:15:20.902433687Z level=info msg="  --dnsproxy-lock-count='131'"
time=2026-03-21T09:15:20.902588563Z level=info msg="  --dnsproxy-lock-timeout='500ms'"
time=2026-03-21T09:15:20.902733815Z level=info msg="  --dnsproxy-socket-linger-timeout='10'"
time=2026-03-21T09:15:20.902883441Z level=info msg="  --dynamic-lifecycle-config='[]'"
time=2026-03-21T09:15:20.903046193Z level=info msg="  --egress-gateway-policy-map-max='16384'"
time=2026-03-21T09:15:20.903206319Z level=info msg="  --egress-gateway-reconciliation-trigger-interval='1s'"
time=2026-03-21T09:15:20.903429447Z level=info msg="  --egress-masquerade-interfaces=''"
time=2026-03-21T09:15:20.903602407Z level=info msg="  --enable-active-connection-tracking='false'"
time=2026-03-21T09:15:20.903759908Z level=info msg="  --enable-auto-protect-node-port-range='true'"
time=2026-03-21T09:15:20.903915951Z level=info msg="  --enable-bandwidth-manager='false'"
time=2026-03-21T09:15:20.904060328Z level=info msg="  --enable-bbr='false'"
time=2026-03-21T09:15:20.904200621Z level=info msg="  --enable-bbr-hostns-only='false'"
time=2026-03-21T09:15:20.904344414Z level=info msg="  --enable-bgp-control-plane='false'"
time=2026-03-21T09:15:20.904479749Z level=info msg="  --enable-bgp-control-plane-status-report='true'"
time=2026-03-21T09:15:20.904627042Z level=info msg="  --enable-bgp-legacy-origin-attribute='false'"
time=2026-03-21T09:15:20.904781043Z level=info msg="  --enable-bpf-clock-probe='false'"
time=2026-03-21T09:15:20.904940295Z level=info msg="  --enable-bpf-masquerade='false'"
time=2026-03-21T09:15:20.905085546Z level=info msg="  --enable-bpf-tproxy='false'"
time=2026-03-21T09:15:20.905291757Z level=info msg="  --enable-cilium-api-server-access='*'"
time=2026-03-21T09:15:20.905494759Z level=info msg="  --enable-cilium-clusterwide-network-policy='true'"
time=2026-03-21T09:15:20.905677344Z level=info msg="  --enable-cilium-endpoint-slice='false'"
time=2026-03-21T09:15:20.905928179Z level=info msg="  --enable-cilium-health-api-server-access='*'"
time=2026-03-21T09:15:20.906155682Z level=info msg="  --enable-cilium-network-policy='true'"
time=2026-03-21T09:15:20.906350809Z level=info msg="  --enable-ciliumnode-crd='true'"
time=2026-03-21T09:15:20.906522019Z level=info msg="  --enable-drift-checker='true'"
time=2026-03-21T09:15:20.906703145Z level=info msg="  --enable-dynamic-config='true'"
time=2026-03-21T09:15:20.906894189Z level=info msg="  --enable-dynamic-lifecycle-manager='false'"
time=2026-03-21T09:15:20.907172733Z level=info msg="  --enable-egress-gateway='false'"
time=2026-03-21T09:15:20.907414236Z level=info msg="  --enable-encryption-strict-mode='false'"
time=2026-03-21T09:15:20.907602654Z level=info msg="  --enable-encryption-strict-mode-egress='false'"
time=2026-03-21T09:15:20.907770948Z level=info msg="  --enable-encryption-strict-mode-ingress='false'"
time=2026-03-21T09:15:20.907936033Z level=info msg="  --enable-endpoint-health-checking='true'"
time=2026-03-21T09:15:20.908091492Z level=info msg="  --enable-endpoint-lockdown-on-policy-overflow='false'"
time=2026-03-21T09:15:20.908249577Z level=info msg="  --enable-endpoint-routes='false'"
time=2026-03-21T09:15:20.908414662Z level=info msg="  --enable-envoy-config='false'"
time=2026-03-21T09:15:20.90856633Z level=info msg="  --enable-extended-ip-protocols='false'"
time=2026-03-21T09:15:20.908721499Z level=info msg="  --enable-gateway-api='false'"
time=2026-03-21T09:15:20.90885975Z level=info msg="  --enable-gops='true'"
time=2026-03-21T09:15:20.908982251Z level=info msg="  --enable-health-check-loadbalancer-ip='false'"
time=2026-03-21T09:15:20.909098336Z level=info msg="  --enable-health-check-nodeport='false'"
time=2026-03-21T09:15:20.909210045Z level=info msg="  --enable-health-checking='true'"
time=2026-03-21T09:15:20.909327588Z level=info msg="  --enable-host-firewall='false'"
time=2026-03-21T09:15:20.909441339Z level=info msg="  --enable-host-legacy-routing='false'"
time=2026-03-21T09:15:20.909555965Z level=info msg="  --enable-hubble='true'"
time=2026-03-21T09:15:20.909671758Z level=info msg="  --enable-hubble-open-metrics='false'"
time=2026-03-21T09:15:20.909783759Z level=info msg="  --enable-icmp-rules='true'"
time=2026-03-21T09:15:20.909896635Z level=info msg="  --enable-identity-mark='true'"
time=2026-03-21T09:15:20.910047137Z level=info msg="  --enable-ingress-controller='false'"
time=2026-03-21T09:15:20.910179846Z level=info msg="  --enable-ip-masq-agent='false'"
time=2026-03-21T09:15:20.910318973Z level=info msg="  --enable-ipip-termination='false'"
time=2026-03-21T09:15:20.910451391Z level=info msg="  --enable-ipsec='false'"
time=2026-03-21T09:15:20.910583517Z level=info msg="  --enable-ipsec-key-watcher='true'"
time=2026-03-21T09:15:20.910717685Z level=info msg="  --enable-ipsec-xfrm-state-caching='true'"
time=2026-03-21T09:15:20.910852145Z level=info msg="  --enable-ipv4='true'"
time=2026-03-21T09:15:20.910995646Z level=info msg="  --enable-ipv4-big-tcp='false'"
time=2026-03-21T09:15:20.911141481Z level=info msg="  --enable-ipv4-fragment-tracking='true'"
time=2026-03-21T09:15:20.911282941Z level=info msg="  --enable-ipv4-masquerade='true'"
time=2026-03-21T09:15:20.911419442Z level=info msg="  --enable-ipv6='false'"
time=2026-03-21T09:15:20.911562943Z level=info msg="  --enable-ipv6-big-tcp='false'"
time=2026-03-21T09:15:20.911703528Z level=info msg="  --enable-ipv6-fragment-tracking='true'"
time=2026-03-21T09:15:20.911841779Z level=info msg="  --enable-ipv6-masquerade='true'"
time=2026-03-21T09:15:20.911980322Z level=info msg="  --enable-ipv6-ndp='false'"
time=2026-03-21T09:15:20.912110407Z level=info msg="  --enable-k8s='true'"
time=2026-03-21T09:15:20.912232617Z level=info msg="  --enable-k8s-api-discovery='false'"
time=2026-03-21T09:15:20.912351326Z level=info msg="  --enable-k8s-host-firewall-bypass='true'"
time=2026-03-21T09:15:20.912476161Z level=info msg="  --enable-k8s-networkpolicy='true'"
time=2026-03-21T09:15:20.912607995Z level=info msg="  --enable-l2-announcements='false'"
time=2026-03-21T09:15:20.912739538Z level=info msg="  --enable-l2-neigh-discovery='false'"
time=2026-03-21T09:15:20.912870789Z level=info msg="  --enable-l2-pod-announcements='true'"
time=2026-03-21T09:15:20.912995624Z level=info msg="  --enable-l7-proxy='false'"
time=2026-03-21T09:15:20.913119875Z level=info msg="  --enable-lb-ipam='true'"
time=2026-03-21T09:15:20.913255793Z level=info msg="  --enable-local-node-route='true'"
time=2026-03-21T09:15:20.913393461Z level=info msg="  --enable-local-redirect-policy='false'"
time=2026-03-21T09:15:20.913530838Z level=info msg="  --enable-masquerade-to-route-source='false'"
time=2026-03-21T09:15:20.913667047Z level=info msg="  --enable-metrics='true'"
time=2026-03-21T09:15:20.913801799Z level=info msg="  --enable-mke='false'"
time=2026-03-21T09:15:20.913941508Z level=info msg="  --enable-monitor='true'"
time=2026-03-21T09:15:20.914079468Z level=info msg="  --enable-nat46x64-gateway='false'"
time=2026-03-21T09:15:20.914215386Z level=info msg="  --enable-no-service-endpoints-routable='true'"
time=2026-03-21T09:15:20.914348387Z level=info msg="  --enable-node-ipam='false'"
time=2026-03-21T09:15:20.914479639Z level=info msg="  --enable-node-selector-labels='false'"
time=2026-03-21T09:15:20.914615848Z level=info msg="  --enable-non-default-deny-policies='true'"
time=2026-03-21T09:15:20.914762266Z level=info msg="  --enable-pmtu-discovery='false'"
time=2026-03-21T09:15:20.914897601Z level=info msg="  --enable-policy='default'"
time=2026-03-21T09:15:20.915039352Z level=info msg="  --enable-policy-secrets-sync='true'"
time=2026-03-21T09:15:20.915187812Z level=info msg="  --enable-remote-node-masquerade='false'"
time=2026-03-21T09:15:20.915345897Z level=info msg="  --enable-route-mtu-for-cni-chaining='false'"
time=2026-03-21T09:15:20.915494357Z level=info msg="  --enable-sctp='false'"
time=2026-03-21T09:15:20.915640483Z level=info msg="  --enable-service-topology='false'"
time=2026-03-21T09:15:20.915782235Z level=info msg="  --enable-source-ip-verification='true'"
time=2026-03-21T09:15:20.915923986Z level=info msg="  --enable-srv6='false'"
time=2026-03-21T09:15:20.916048821Z level=info msg="  --enable-stale-cilium-endpoint-cleanup='true'"
time=2026-03-21T09:15:20.91616928Z level=info msg="  --enable-standalone-dns-proxy='false'"
time=2026-03-21T09:15:20.91629499Z level=info msg="  --enable-tcx='true'"
time=2026-03-21T09:15:20.916424199Z level=info msg="  --enable-tracing='false'"
time=2026-03-21T09:15:20.916547576Z level=info msg="  --enable-tunnel-big-tcp='false'"
time=2026-03-21T09:15:20.916677952Z level=info msg="  --enable-unreachable-routes='false'"
time=2026-03-21T09:15:20.916812412Z level=info msg="  --enable-vtep='false'"
time=2026-03-21T09:15:20.916938996Z level=info msg="  --enable-well-known-identities='false'"
time=2026-03-21T09:15:20.917061206Z level=info msg="  --enable-wireguard='true'"
time=2026-03-21T09:15:20.91718954Z level=info msg="  --enable-xdp-prefilter='false'"
time=2026-03-21T09:15:20.917349375Z level=info msg="  --enable-xt-socket-fallback='true'"
time=2026-03-21T09:15:20.91749871Z level=info msg="  --enable-ztunnel='false'"
time=2026-03-21T09:15:20.917653878Z level=info msg="  --encrypt-interface=''"
time=2026-03-21T09:15:20.917796213Z level=info msg="  --encrypt-node='true'"
time=2026-03-21T09:15:20.917934756Z level=info msg="  --encryption-strict-egress-allow-remote-node-identities='false'"
time=2026-03-21T09:15:20.918093133Z level=info msg="  --encryption-strict-egress-cidr=''"
time=2026-03-21T09:15:20.918246842Z level=info msg="  --encryption-strict-mode-allow-remote-node-identities='false'"
time=2026-03-21T09:15:20.918409594Z level=info msg="  --encryption-strict-mode-cidr=''"
time=2026-03-21T09:15:20.918554554Z level=info msg="  --endpoint-bpf-prog-watchdog-interval='30s'"
time=2026-03-21T09:15:20.918696888Z level=info msg="  --endpoint-gc-interval='5m0s'"
time=2026-03-21T09:15:20.918844473Z level=info msg="  --endpoint-queue-size='25'"
time=2026-03-21T09:15:20.918979225Z level=info msg="  --endpoint-regen-interval='2m0s'"
time=2026-03-21T09:15:20.919113393Z level=info msg="  --eni-delete-on-termination='true'"
time=2026-03-21T09:15:20.919252227Z level=info msg="  --eni-disable-prefix-delegation='false'"
time=2026-03-21T09:15:20.919480896Z level=info msg="  --eni-exclude-interface-tags=''"
time=2026-03-21T09:15:20.919694107Z level=info msg="  --eni-first-interface-index='0'"
time=2026-03-21T09:15:20.919950192Z level=info msg="  --eni-security-group-tags=''"
time=2026-03-21T09:15:20.92033928Z level=info msg="  --eni-security-groups=''"
time=2026-03-21T09:15:20.920681991Z level=info msg="  --eni-subnet-ids=''"
time=2026-03-21T09:15:20.921030245Z level=info msg="  --eni-subnet-tags=''"
time=2026-03-21T09:15:20.921313456Z level=info msg="  --eni-use-primary-address='false'"
time=2026-03-21T09:15:20.921529875Z level=info msg="  --envoy-access-log-buffer-size='4096'"
time=2026-03-21T09:15:20.92175096Z level=info msg="  --envoy-base-id='0'"
time=2026-03-21T09:15:20.921930045Z level=info msg="  --envoy-config-retry-interval='15s'"
time=2026-03-21T09:15:20.922103005Z level=info msg="  --envoy-config-timeout='2m0s'"
time=2026-03-21T09:15:20.922300466Z level=info msg="  --envoy-default-log-level=''"
time=2026-03-21T09:15:20.922493551Z level=info msg="  --envoy-http-upstream-linger-timeout='-1'"
time=2026-03-21T09:15:20.922700053Z level=info msg="  --envoy-keep-cap-netbindservice='false'"
time=2026-03-21T09:15:20.922805929Z level=info msg="  --envoy-log=''"
time=2026-03-21T09:15:20.922854929Z level=info msg="  --envoy-policy-restore-timeout='3m0s'"
time=2026-03-21T09:15:20.922899263Z level=info msg="  --envoy-secrets-namespace=''"
time=2026-03-21T09:15:20.923002806Z level=info msg="  --exclude-local-address=''"
time=2026-03-21T09:15:20.923078348Z level=info msg="  --exclude-node-label-patterns=''"
time=2026-03-21T09:15:20.923115974Z level=info msg="  --external-envoy-proxy='false'"
time=2026-03-21T09:15:20.923161766Z level=info msg="  --fixed-identity-mapping=''"
time=2026-03-21T09:15:20.923198516Z level=info msg="  --force-device-detection='false'"
time=2026-03-21T09:15:20.923235558Z level=info msg="  --fqdn-regex-compile-lru-size='1024'"
time=2026-03-21T09:15:20.92327785Z level=info msg="  --gateway-api-secrets-namespace=''"
time=2026-03-21T09:15:20.923312851Z level=info msg="  --gops-port='9890'"
time=2026-03-21T09:15:20.923344643Z level=info msg="  --health-check-icmp-failure-threshold='3'"
time=2026-03-21T09:15:20.923380226Z level=info msg="  --hive-log-threshold='100ms'"
time=2026-03-21T09:15:20.923413185Z level=info msg="  --hive-start-timeout='5m0s'"
time=2026-03-21T09:15:20.923444977Z level=info msg="  --hive-stop-timeout='1m0s'"
time=2026-03-21T09:15:20.923477352Z level=info msg="  --http-idle-timeout='0'"
time=2026-03-21T09:15:20.923510019Z level=info msg="  --http-max-grpc-timeout='0'"
time=2026-03-21T09:15:20.923542978Z level=info msg="  --http-normalize-path='true'"
time=2026-03-21T09:15:20.923575937Z level=info msg="  --http-request-timeout='3600'"
time=2026-03-21T09:15:20.923607437Z level=info msg="  --http-retry-count='3'"
time=2026-03-21T09:15:20.923638645Z level=info msg="  --http-retry-timeout='0'"
time=2026-03-21T09:15:20.923669271Z level=info msg="  --http-stream-idle-timeout='300'"
time=2026-03-21T09:15:20.923699604Z level=info msg="  --hubble-disable-tls='false'"
time=2026-03-21T09:15:20.923732271Z level=info msg="  --hubble-drop-events='false'"
time=2026-03-21T09:15:20.923763772Z level=info msg="  --hubble-drop-events-extended='false'"
time=2026-03-21T09:15:20.923797314Z level=info msg="  --hubble-drop-events-interval='2m0s'"
time=2026-03-21T09:15:20.923838147Z level=info msg="  --hubble-drop-events-rate-limit='1'"
time=2026-03-21T09:15:20.923921857Z level=info msg="  --hubble-drop-events-reasons='auth_required,policy_denied'"
time=2026-03-21T09:15:20.923974649Z level=info msg="  --hubble-dynamic-metrics-config-path=''"
time=2026-03-21T09:15:20.924014024Z level=info msg="  --hubble-event-buffer-capacity='4095'"
time=2026-03-21T09:15:20.924047858Z level=info msg="  --hubble-event-queue-size='0'"
time=2026-03-21T09:15:20.924081983Z level=info msg="  --hubble-export-aggregation-interval='0s'"
time=2026-03-21T09:15:20.9241304Z level=info msg="  --hubble-export-allowlist=''"
time=2026-03-21T09:15:20.924170651Z level=info msg="  --hubble-export-denylist=''"
time=2026-03-21T09:15:20.924280027Z level=info msg="  --hubble-export-fieldaggregate=''"
time=2026-03-21T09:15:20.924352069Z level=info msg="  --hubble-export-fieldmask=''"
time=2026-03-21T09:15:20.924387653Z level=info msg="  --hubble-export-file-compress='false'"
time=2026-03-21T09:15:20.924422362Z level=info msg="  --hubble-export-file-max-backups='5'"
time=2026-03-21T09:15:20.924456779Z level=info msg="  --hubble-export-file-max-size-mb='10'"
time=2026-03-21T09:15:20.924496154Z level=info msg="  --hubble-export-file-path=''"
time=2026-03-21T09:15:20.924534363Z level=info msg="  --hubble-flowlogs-config-path=''"
time=2026-03-21T09:15:20.924567321Z level=info msg="  --hubble-listen-address=':4244'"
time=2026-03-21T09:15:20.924601155Z level=info msg="  --hubble-lost-event-send-interval='1s'"
time=2026-03-21T09:15:20.924639655Z level=info msg="  --hubble-metrics=''"
time=2026-03-21T09:15:20.924676989Z level=info msg="  --hubble-metrics-server=''"
time=2026-03-21T09:15:20.924709656Z level=info msg="  --hubble-metrics-server-enable-tls='false'"
time=2026-03-21T09:15:20.92475749Z level=info msg="  --hubble-metrics-server-tls-cert-file=''"
time=2026-03-21T09:15:20.924833324Z level=info msg="  --hubble-metrics-server-tls-client-ca-files=''"
time=2026-03-21T09:15:20.924875908Z level=info msg="  --hubble-metrics-server-tls-key-file=''"
time=2026-03-21T09:15:20.924943283Z level=info msg="  --hubble-monitor-events=''"
time=2026-03-21T09:15:20.9249777Z level=info msg="  --hubble-network-policy-correlation-enabled='true'"
time=2026-03-21T09:15:20.925010951Z level=info msg="  --hubble-prefer-ipv6='false'"
time=2026-03-21T09:15:20.925042451Z level=info msg="  --hubble-redact-enabled='false'"
time=2026-03-21T09:15:20.925103118Z level=info msg="  --hubble-redact-http-headers-allow=''"
time=2026-03-21T09:15:20.925166119Z level=info msg="  --hubble-redact-http-headers-deny=''"
time=2026-03-21T09:15:20.925200828Z level=info msg="  --hubble-redact-http-urlquery='false'"
time=2026-03-21T09:15:20.925233786Z level=info msg="  --hubble-redact-http-userinfo='true'"
time=2026-03-21T09:15:20.925265578Z level=info msg="  --hubble-redact-kafka-apikey='false'"
time=2026-03-21T09:15:20.925315745Z level=info msg="  --hubble-skip-unknown-cgroup-ids='true'"
time=2026-03-21T09:15:20.925349579Z level=info msg="  --hubble-socket-path='/var/run/cilium/hubble.sock'"
time=2026-03-21T09:15:20.925381954Z level=info msg="  --hubble-tls-cert-file='/var/lib/cilium/tls/hubble/server.crt'"
time=2026-03-21T09:15:20.925414621Z level=info msg="  --hubble-tls-client-ca-files='/var/lib/cilium/tls/hubble/client-ca.crt'"
time=2026-03-21T09:15:20.925446705Z level=info msg="  --hubble-tls-key-file='/var/lib/cilium/tls/hubble/server.key'"
time=2026-03-21T09:15:20.925478205Z level=info msg="  --identity-allocation-mode='crd'"
time=2026-03-21T09:15:20.925512622Z level=info msg="  --identity-allocation-sync-interval='5m0s'"
time=2026-03-21T09:15:20.925545289Z level=info msg="  --identity-allocation-timeout='2m0s'"
time=2026-03-21T09:15:20.925577373Z level=info msg="  --identity-change-grace-period='5s'"
time=2026-03-21T09:15:20.925607123Z level=info msg="  --identity-gc-interval='15m0s'"
time=2026-03-21T09:15:20.925635998Z level=info msg="  --identity-heartbeat-timeout='30m0s'"
time=2026-03-21T09:15:20.925666915Z level=info msg="  --identity-management-mode='agent'"
time=2026-03-21T09:15:20.925698707Z level=info msg="  --identity-max-jitter='30s'"
time=2026-03-21T09:15:20.925731666Z level=info msg="  --identity-restore-grace-period='30s'"
time=2026-03-21T09:15:20.925835209Z level=info msg="  --ignore-flags-drift-checker=''"
time=2026-03-21T09:15:20.925882751Z level=info msg="  --ingress-secrets-namespace=''"
time=2026-03-21T09:15:20.925921543Z level=info msg="  --install-iptables-rules='true'"
time=2026-03-21T09:15:20.925955085Z level=info msg="  --install-no-conntrack-iptables-rules='false'"
time=2026-03-21T09:15:20.92598746Z level=info msg="  --install-uplink-routes-for-delegated-ipam='false'"
time=2026-03-21T09:15:20.926021294Z level=info msg="  --ip-masq-agent-config-path='/etc/config/ip-masq-agent'"
time=2026-03-21T09:15:20.926055711Z level=info msg="  --ip-tracing-option-type='0'"
time=2026-03-21T09:15:20.926087795Z level=info msg="  --ipam='kubernetes'"
time=2026-03-21T09:15:20.926119295Z level=info msg="  --ipam-cilium-node-update-rate='15s'"
time=2026-03-21T09:15:20.926150795Z level=info msg="  --ipam-default-ip-pool='default'"
time=2026-03-21T09:15:20.926189004Z level=info msg="  --ipam-max-allocate='0'"
time=2026-03-21T09:15:20.926221088Z level=info msg="  --ipam-min-allocate='0'"
time=2026-03-21T09:15:20.926263963Z level=info msg="  --ipam-multi-pool-pre-allocation=''"
time=2026-03-21T09:15:20.926297505Z level=info msg="  --ipam-pre-allocate='0'"
time=2026-03-21T09:15:20.926406298Z level=info msg="  --ipam-static-ip-tags=''"
time=2026-03-21T09:15:20.92645034Z level=info msg="  --ipsec-key-file=''"
time=2026-03-21T09:15:20.92648534Z level=info msg="  --ipsec-key-rotation-duration='5m0s'"
time=2026-03-21T09:15:20.92651859Z level=info msg="  --iptables-lock-timeout='5s'"
time=2026-03-21T09:15:20.926569341Z level=info msg="  --iptables-random-fully='false'"
time=2026-03-21T09:15:20.926603175Z level=info msg="  --ipv4-native-routing-cidr='10.84.0.0/16'"
time=2026-03-21T09:15:20.926636425Z level=info msg="  --ipv4-node='auto'"
time=2026-03-21T09:15:20.926710801Z level=info msg="  --ipv4-pod-subnets=''"
time=2026-03-21T09:15:20.926744343Z level=info msg="  --ipv4-range='auto'"
time=2026-03-21T09:15:20.926777593Z level=info msg="  --ipv4-service-loopback-address='169.254.42.1'"
time=2026-03-21T09:15:20.926809677Z level=info msg="  --ipv4-service-range='auto'"
time=2026-03-21T09:15:20.926840594Z level=info msg="  --ipv6-cluster-alloc-cidr='f00d::/64'"
time=2026-03-21T09:15:20.926879969Z level=info msg="  --ipv6-mcast-device=''"
time=2026-03-21T09:15:20.926917594Z level=info msg="  --ipv6-native-routing-cidr=''"
time=2026-03-21T09:15:20.926949678Z level=info msg="  --ipv6-node='auto'"
time=2026-03-21T09:15:20.927026095Z level=info msg="  --ipv6-pod-subnets=''"
time=2026-03-21T09:15:20.927059929Z level=info msg="  --ipv6-range='auto'"
time=2026-03-21T09:15:20.927090846Z level=info msg="  --ipv6-service-loopback-address='fe80::1'"
time=2026-03-21T09:15:20.927121763Z level=info msg="  --ipv6-service-range='auto'"
time=2026-03-21T09:15:20.92715968Z level=info msg="  --k8s-api-server=''"
time=2026-03-21T09:15:20.927288015Z level=info msg="  --k8s-api-server-urls=''"
time=2026-03-21T09:15:20.92732389Z level=info msg="  --k8s-client-burst='100'"
time=2026-03-21T09:15:20.927358307Z level=info msg="  --k8s-client-connection-keep-alive='30s'"
time=2026-03-21T09:15:20.927392432Z level=info msg="  --k8s-client-connection-timeout='30s'"
time=2026-03-21T09:15:20.927425099Z level=info msg="  --k8s-client-qps='50'"
time=2026-03-21T09:15:20.927457183Z level=info msg="  --k8s-heartbeat-timeout='30s'"
time=2026-03-21T09:15:20.927663393Z level=info msg="  --k8s-kubeconfig-path='/etc/cilium/kubeconfig'"
time=2026-03-21T09:15:20.927719394Z level=info msg="  --k8s-namespace='kube-system'"
time=2026-03-21T09:15:20.927754394Z level=info msg="  --k8s-require-ipv4-pod-cidr='false'"
time=2026-03-21T09:15:20.927787061Z level=info msg="  --k8s-require-ipv6-pod-cidr='false'"
time=2026-03-21T09:15:20.927850354Z level=info msg="  --k8s-service-proxy-name=''"
time=2026-03-21T09:15:20.927888271Z level=info msg="  --k8s-sync-timeout='3m0s'"
time=2026-03-21T09:15:20.927929104Z level=info msg="  --keep-config='false'"
time=2026-03-21T09:15:20.927962063Z level=info msg="  --kube-proxy-replacement='true'"
time=2026-03-21T09:15:20.92800698Z level=info msg="  --kube-proxy-replacement-healthz-bind-address=''"
time=2026-03-21T09:15:20.928048981Z level=info msg="  --kvstore=''"
time=2026-03-21T09:15:20.928082814Z level=info msg="  --kvstore-lease-ttl='15m0s'"
time=2026-03-21T09:15:20.928116065Z level=info msg="  --kvstore-max-consecutive-quorum-errors='2'"
time=2026-03-21T09:15:20.928218149Z level=info msg="  --kvstore-opt=''"
time=2026-03-21T09:15:20.928254024Z level=info msg="  --l2-announcements-lease-duration='15s'"
time=2026-03-21T09:15:20.928287566Z level=info msg="  --l2-announcements-renew-deadline='5s'"
time=2026-03-21T09:15:20.92831965Z level=info msg="  --l2-announcements-retry-period='2s'"
time=2026-03-21T09:15:20.928352609Z level=info msg="  --l2-pod-announcements-interface-pattern='^(eth|enp|wlan)'"
time=2026-03-21T09:15:20.928391984Z level=info msg="  --label-prefix-file=''"
time=2026-03-21T09:15:20.928461693Z level=info msg="  --labels=''"
time=2026-03-21T09:15:20.928495235Z level=info msg="  --lb-init-wait-timeout='1m0s'"
time=2026-03-21T09:15:20.928527902Z level=info msg="  --lb-pressure-metrics-interval='5m0s'"
time=2026-03-21T09:15:20.928559986Z level=info msg="  --lb-retry-backoff-max='1s'"
time=2026-03-21T09:15:20.928590611Z level=info msg="  --lb-retry-backoff-min='1s'"
time=2026-03-21T09:15:20.928623278Z level=info msg="  --lb-sock-terminate-all-protos='false'"
time=2026-03-21T09:15:20.928663237Z level=info msg="  --lb-state-file=''"
time=2026-03-21T09:15:20.92871632Z level=info msg="  --lb-state-file-interval='1s'"
time=2026-03-21T09:15:20.928749279Z level=info msg="  --lib-dir='/var/lib/cilium'"
time=2026-03-21T09:15:20.928780196Z level=info msg="  --local-max-addr-scope='254'"
time=2026-03-21T09:15:20.928819863Z level=info msg="  --local-router-ipv4=''"
time=2026-03-21T09:15:20.92885603Z level=info msg="  --local-router-ipv6=''"
time=2026-03-21T09:15:20.928928073Z level=info msg="  --log-driver=''"
time=2026-03-21T09:15:20.92896949Z level=info msg="  --log-opt=''"
time=2026-03-21T09:15:20.929002448Z level=info msg="  --log-system-load='false'"
time=2026-03-21T09:15:20.929064574Z level=info msg="  --lrp-address-matcher-cidrs=''"
time=2026-03-21T09:15:20.929098116Z level=info msg="  --max-connected-clusters='255'"
time=2026-03-21T09:15:20.929130783Z level=info msg="  --max-controller-interval='0'"
time=2026-03-21T09:15:20.92916345Z level=info msg="  --max-internal-timer-delay='0s'"
time=2026-03-21T09:15:20.929195533Z level=info msg="  --mesh-auth-enabled='false'"
time=2026-03-21T09:15:20.929225867Z level=info msg="  --mesh-auth-gc-interval='5m0s'"
time=2026-03-21T09:15:20.929258242Z level=info msg="  --mesh-auth-mutual-connect-timeout='5s'"
time=2026-03-21T09:15:20.929298201Z level=info msg="  --mesh-auth-mutual-listener-port='0'"
time=2026-03-21T09:15:20.929328826Z level=info msg="  --mesh-auth-queue-size='1024'"
time=2026-03-21T09:15:20.929359743Z level=info msg="  --mesh-auth-rotated-identities-queue-size='1024'"
time=2026-03-21T09:15:20.92939241Z level=info msg="  --mesh-auth-signal-backoff-duration='1s'"
time=2026-03-21T09:15:20.929424494Z level=info msg="  --mesh-auth-spiffe-trust-domain='spiffe.cilium'"
time=2026-03-21T09:15:20.929463578Z level=info msg="  --mesh-auth-spire-admin-socket=''"
time=2026-03-21T09:15:20.929527453Z level=info msg="  --metrics=''"
time=2026-03-21T09:15:20.929559829Z level=info msg="  --metrics-sampling-interval='5m'"
time=2026-03-21T09:15:20.929598912Z level=info msg="  --mke-cgroup-mount=''"
time=2026-03-21T09:15:20.929630121Z level=info msg="  --monitor-aggregation='medium'"
time=2026-03-21T09:15:20.92966133Z level=info msg="  --monitor-aggregation-flags='all'"
time=2026-03-21T09:15:20.929691955Z level=info msg="  --monitor-aggregation-interval='5s'"
time=2026-03-21T09:15:20.929727539Z level=info msg="  --monitor-queue-size='0'"
time=2026-03-21T09:15:20.929760789Z level=info msg="  --mtu='0'"
time=2026-03-21T09:15:20.929792873Z level=info msg="  --multicast-enabled='false'"
time=2026-03-21T09:15:20.929822915Z level=info msg="  --nat-map-stats-entries='32'"
time=2026-03-21T09:15:20.929852957Z level=info msg="  --nat-map-stats-interval='30s'"
time=2026-03-21T09:15:20.92988504Z level=info msg="  --node-encryption-opt-out-labels='node-role.kubernetes.io/control-plane'"
time=2026-03-21T09:15:20.929946874Z level=info msg="  --node-labels=''"
time=2026-03-21T09:15:20.92997925Z level=info msg="  --node-port-acceleration='disabled'"
time=2026-03-21T09:15:20.940637438Z level=info msg="  --node-port-algorithm=''"
time=2026-03-21T09:15:20.940811273Z level=info msg="  --node-port-bind-protection='true'"
time=2026-03-21T09:15:20.940879232Z level=info msg="  --node-port-mode=''"
time=2026-03-21T09:15:20.940981024Z level=info msg="  --node-port-range='30000,32767'"
time=2026-03-21T09:15:20.941029733Z level=info msg="  --nodeport-addresses=''"
time=2026-03-21T09:15:20.941061525Z level=info msg="  --nodes-gc-interval='5m0s'"
time=2026-03-21T09:15:20.941098859Z level=info msg="  --only-masquerade-default-pool='false'"
time=2026-03-21T09:15:20.941129776Z level=info msg="  --operator-api-serve-addr='127.0.0.1:9234'"
time=2026-03-21T09:15:20.941158943Z level=info msg="  --operator-prometheus-serve-addr=':9963'"
time=2026-03-21T09:15:20.941192193Z level=info msg="  --packetization-layer-pmtud-mode='blackhole'"
time=2026-03-21T09:15:20.941224277Z level=info msg="  --policy-accounting='true'"
time=2026-03-21T09:15:20.941255194Z level=info msg="  --policy-audit-mode='false'"
time=2026-03-21T09:15:20.941296319Z level=info msg="  --policy-cidr-match-mode=''"
time=2026-03-21T09:15:20.941327236Z level=info msg="  --policy-default-local-cluster='true'"
time=2026-03-21T09:15:20.941358153Z level=info msg="  --policy-deny-response='none'"
time=2026-03-21T09:15:20.941392279Z level=info msg="  --policy-queue-size='100'"
time=2026-03-21T09:15:20.941423487Z level=info msg="  --policy-secrets-namespace='cilium-secrets'"
time=2026-03-21T09:15:20.941456446Z level=info msg="  --policy-secrets-only-from-secrets-namespace='true'"
time=2026-03-21T09:15:20.941491738Z level=info msg="  --policy-trigger-interval='1s'"
time=2026-03-21T09:15:20.941526155Z level=info msg="  --pprof='false'"
time=2026-03-21T09:15:20.941558238Z level=info msg="  --pprof-address='localhost'"
time=2026-03-21T09:15:20.941599072Z level=info msg="  --pprof-block-profile-rate='0'"
time=2026-03-21T09:15:20.941633198Z level=info msg="  --pprof-mutex-profile-fraction='0'"
time=2026-03-21T09:15:20.94169124Z level=info msg="  --pprof-port='6060'"
time=2026-03-21T09:15:20.94172449Z level=info msg="  --preallocate-bpf-maps='false'"
time=2026-03-21T09:15:20.941758324Z level=info msg="  --prepend-iptables-chains='true'"
time=2026-03-21T09:15:20.941792449Z level=info msg="  --procfs='/proc'"
time=2026-03-21T09:15:20.9418397Z level=info msg="  --prometheus-serve-addr=''"
time=2026-03-21T09:15:20.9418782Z level=info msg="  --proxy-admin-port='0'"
time=2026-03-21T09:15:20.941909117Z level=info msg="  --proxy-cluster-max-connections='1024'"
time=2026-03-21T09:15:20.941940617Z level=info msg="  --proxy-cluster-max-requests='1024'"
time=2026-03-21T09:15:20.941973868Z level=info msg="  --proxy-connect-timeout='2'"
time=2026-03-21T09:15:20.942007701Z level=info msg="  --proxy-gid='1337'"
time=2026-03-21T09:15:20.942038327Z level=info msg="  --proxy-idle-timeout-seconds='60'"
time=2026-03-21T09:15:20.94206866Z level=info msg="  --proxy-initial-fetch-timeout='30'"
time=2026-03-21T09:15:20.942101035Z level=info msg="  --proxy-max-active-downstream-connections='50000'"
time=2026-03-21T09:15:20.942133119Z level=info msg="  --proxy-max-concurrent-retries='128'"
time=2026-03-21T09:15:20.942164328Z level=info msg="  --proxy-max-connection-duration-seconds='0'"
time=2026-03-21T09:15:20.942195828Z level=info msg="  --proxy-max-requests-per-connection='0'"
time=2026-03-21T09:15:20.94222937Z level=info msg="  --proxy-portrange-max='20000'"
time=2026-03-21T09:15:20.942260579Z level=info msg="  --proxy-portrange-min='10000'"
time=2026-03-21T09:15:20.942292079Z level=info msg="  --proxy-prometheus-port='9964'"
time=2026-03-21T09:15:20.942323288Z level=info msg="  --proxy-use-original-source-address='true'"
time=2026-03-21T09:15:20.942354205Z level=info msg="  --proxy-xff-num-trusted-hops-egress='0'"
time=2026-03-21T09:15:20.942386288Z level=info msg="  --proxy-xff-num-trusted-hops-ingress='0'"
time=2026-03-21T09:15:20.94243208Z level=info msg="  --read-cni-conf=''"
time=2026-03-21T09:15:20.942462706Z level=info msg="  --remove-cilium-node-taints='true'"
time=2026-03-21T09:15:20.942516665Z level=info msg="  --restore='true'"
time=2026-03-21T09:15:20.942551082Z level=info msg="  --restored-proxy-ports-age-limit='15'"
time=2026-03-21T09:15:20.942589582Z level=info msg="  --route-metric='0'"
time=2026-03-21T09:15:20.942619916Z level=info msg="  --routing-mode='tunnel'"
time=2026-03-21T09:15:20.942650833Z level=info msg="  --service-no-backend-response='reject'"
time=2026-03-21T09:15:20.942680875Z level=info msg="  --set-cilium-is-up-condition='true'"
time=2026-03-21T09:15:20.94270975Z level=info msg="  --set-cilium-node-taints='true'"
time=2026-03-21T09:15:20.942742417Z level=info msg="  --shell-sock-path='/var/run/cilium/shell.sock'"
time=2026-03-21T09:15:20.942773625Z level=info msg="  --socket-path='/var/run/cilium/cilium.sock'"
time=2026-03-21T09:15:20.942806001Z level=info msg="  --srv6-encap-mode='reduced'"
time=2026-03-21T09:15:20.94284946Z level=info msg="  --standalone-dns-proxy-server-port='10095'"
time=2026-03-21T09:15:20.942881835Z level=info msg="  --state-dir='/var/run/cilium'"
time=2026-03-21T09:15:20.942931127Z level=info msg="  --static-cnp-path=''"
time=2026-03-21T09:15:20.942967877Z level=info msg="  --status-collector-failure-threshold='1m0s'"
time=2026-03-21T09:15:20.943000253Z level=info msg="  --status-collector-interval='5s'"
time=2026-03-21T09:15:20.943032336Z level=info msg="  --status-collector-probe-check-timeout='5m0s'"
time=2026-03-21T09:15:20.94306792Z level=info msg="  --status-collector-stackdump-path='/run/cilium/state/agent.stack.gz'"
time=2026-03-21T09:15:20.94310117Z level=info msg="  --status-collector-warning-threshold='15s'"
time=2026-03-21T09:15:20.943131504Z level=info msg="  --synchronize-k8s-nodes='true'"
time=2026-03-21T09:15:20.943161546Z level=info msg="  --tofqdns-dns-reject-response-code='refused'"
time=2026-03-21T09:15:20.943193921Z level=info msg="  --tofqdns-enable-dns-compression='true'"
time=2026-03-21T09:15:20.943225713Z level=info msg="  --tofqdns-endpoint-max-ip-per-hostname='1000'"
time=2026-03-21T09:15:20.943258672Z level=info msg="  --tofqdns-idle-connection-grace-period='0s'"
time=2026-03-21T09:15:20.943291047Z level=info msg="  --tofqdns-max-deferred-connection-deletes='10000'"
time=2026-03-21T09:15:20.943330131Z level=info msg="  --tofqdns-min-ttl='0'"
time=2026-03-21T09:15:20.943374173Z level=info msg="  --tofqdns-pre-cache=''"
time=2026-03-21T09:15:20.954614825Z level=info msg="  --tofqdns-preallocate-identities='true'"
time=2026-03-21T09:15:20.954839994Z level=info msg="  --tofqdns-proxy-port='0'"
time=2026-03-21T09:15:20.954909995Z level=info msg="  --tofqdns-proxy-response-max-delay='100ms'"
time=2026-03-21T09:15:20.954954329Z level=info msg="  --trace-payloadlen='128'"
time=2026-03-21T09:15:20.954990496Z level=info msg="  --trace-payloadlen-overlay='192'"
time=2026-03-21T09:15:20.955025496Z level=info msg="  --trace-sock='true'"
time=2026-03-21T09:15:20.955059621Z level=info msg="  --tunnel-port='0'"
time=2026-03-21T09:15:20.955092288Z level=info msg="  --tunnel-protocol='vxlan'"
time=2026-03-21T09:15:20.955123497Z level=info msg="  --tunnel-source-port-range='0-0'"
time=2026-03-21T09:15:20.955155872Z level=info msg="  --underlay-protocol='ipv4'"
time=2026-03-21T09:15:20.955185623Z level=info msg="  --unmanaged-pod-watcher-interval='15s'"
time=2026-03-21T09:15:20.955220331Z level=info msg="  --use-cilium-internal-ip-for-ipsec='false'"
time=2026-03-21T09:15:20.95525154Z level=info msg="  --use-full-tls-context='false'"
time=2026-03-21T09:15:20.95528304Z level=info msg="  --version='false'"
time=2026-03-21T09:15:20.955395916Z level=info msg="  --vlan-bpf-bypass=''"
time=2026-03-21T09:15:20.955449Z level=info msg="  --vtep-cidr=''"
time=2026-03-21T09:15:20.955486917Z level=info msg="  --vtep-endpoint=''"
time=2026-03-21T09:15:20.955523959Z level=info msg="  --vtep-mac=''"
time=2026-03-21T09:15:20.955561293Z level=info msg="  --vtep-mask=''"
time=2026-03-21T09:15:20.955597168Z level=info msg="  --vtep-sync-interval='1m0s'"
time=2026-03-21T09:15:20.95562896Z level=info msg="  --wireguard-persistent-keepalive='0s'"
time=2026-03-21T09:15:20.955660461Z level=info msg="  --wireguard-track-all-ips-fallback='false'"
time=2026-03-21T09:15:20.955699253Z level=info msg="  --write-cni-conf-when-ready=''"
time=2026-03-21T09:15:20.95577392Z level=info msg="     _ _ _"
time=2026-03-21T09:15:20.955800754Z level=info msg=" ___|_| |_|_ _ _____"
time=2026-03-21T09:15:20.955825546Z level=info msg="|  _| | | | | |     |"
time=2026-03-21T09:15:20.955850337Z level=info msg=|___|_|_|_|___|_|_|_|
time=2026-03-21T09:15:20.955878046Z level=info msg="Cilium 1.19.1 d0d0c879 2026-02-17T15:55:43+00:00 go version go1.25.7 linux/arm64"
time=2026-03-21T09:15:21.007337303Z level=info msg="Detected mounted BPF filesystem" bpffsRoot=/host/bpf
time=2026-03-21T09:15:21.00823827Z level=info msg="Mounted cgroupv2 filesystem" location=/host/cgroup
time=2026-03-21T09:15:21.008438938Z level=info msg="Parsing base label prefixes from default label list"
time=2026-03-21T09:15:21.00909957Z level=info msg="Parsing node label prefixes from user inputs" prefix=[]
time=2026-03-21T09:15:21.009265238Z level=info msg="Parsing additional label prefixes from user inputs" prefix=[]
time=2026-03-21T09:15:21.009327947Z level=info msg="Final label prefixes to be used for identity evaluation:"
time=2026-03-21T09:15:21.009391823Z level=info msg=" - reserved:.*"
time=2026-03-21T09:15:21.00942624Z level=info msg=" - :io\\.kubernetes\\.pod\\.namespace"
time=2026-03-21T09:15:21.009476115Z level=info msg=" - :io\\.cilium\\.k8s\\.namespace\\.labels"
time=2026-03-21T09:15:21.009506741Z level=info msg=" - :app\\.kubernetes\\.io"
time=2026-03-21T09:15:21.009550491Z level=info msg=" - :io\\.cilium\\.k8s\\.policy\\.cluster"
time=2026-03-21T09:15:21.009578783Z level=info msg=" - :io\\.cilium\\.k8s\\.policy\\.serviceaccount"
time=2026-03-21T09:15:21.009620783Z level=info msg=" - !:io\\.kubernetes"
time=2026-03-21T09:15:21.0096482Z level=info msg=" - !:kubernetes\\.io"
time=2026-03-21T09:15:21.009685242Z level=info msg=" - !:statefulset\\.kubernetes\\.io/pod-name"
time=2026-03-21T09:15:21.009713826Z level=info msg=" - !:apps\\.kubernetes\\.io/pod-index"
time=2026-03-21T09:15:21.009752618Z level=info msg=" - !:batch\\.kubernetes\\.io/job-completion-index"
time=2026-03-21T09:15:21.009781493Z level=info msg=" - !:batch\\.kubernetes\\.io/controller-uid"
time=2026-03-21T09:15:21.009816202Z level=info msg=" - !:.*beta\\.kubernetes\\.io"
time=2026-03-21T09:15:21.009843619Z level=info msg=" - !:k8s\\.io"
time=2026-03-21T09:15:21.009902536Z level=info msg=" - !:pod-template-generation"
time=2026-03-21T09:15:21.00993112Z level=info msg=" - !:pod-template-hash"
time=2026-03-21T09:15:21.00995737Z level=info msg=" - !:controller-revision-hash"
time=2026-03-21T09:15:21.00998362Z level=info msg=" - !:controller-uid"
time=2026-03-21T09:15:21.010193331Z level=info msg=" - !:annotation.*"
time=2026-03-21T09:15:21.010244664Z level=info msg=" - !:etcd_node"
time=2026-03-21T09:15:21.010272956Z level=info msg=" - !:topology\\.kubernetes\\.io"
time=2026-03-21T09:15:21.010298332Z level=info msg="Final node label prefixes to be used for identity evaluation:"
time=2026-03-21T09:15:21.010414124Z level=info msg="Auto-disabling \"enable-bpf-clock-probe\" feature since KERNEL_HZ cannot be determined" error="open /proc/schedstat: no such file or directory"
time=2026-03-21T09:15:21.057750924Z level=info msg="Memory available for map entries (0.250% of 4113805312B): 10284513B" module=agent.controlplane
time=2026-03-21T09:15:21.057887425Z level=info msg="option bpf-sock-rev-map-max set by dynamic sizing to 65536" module=agent.controlplane
time=2026-03-21T09:15:21.653175325Z level=info msg="L7 proxies are disabled" module=agent.controlplane.l7-proxy
time=2026-03-21T09:15:21.66230954Z level=info msg="Failed to setup socket load-balancing tracing with Hubble. See the kubeproxy-free guide for more details." module=agent.controlplane.cgroup-manager error="no valid cgroup path provider found"
time=2026-03-21T09:15:21.695765202Z level=info msg="Spire Delegate API Client is disabled as no socket path is configured" module=agent.controlplane.auth.spire-delegate
time=2026-03-21T09:15:21.696232165Z level=info msg="Mutual authentication handler is disabled as no port is configured" module=agent.controlplane.auth
time=2026-03-21T09:15:21.696611919Z level=info msg="Authentication processing is disabled" module=agent.controlplane.auth
time=2026-03-21T09:15:21.751928797Z level=info msg="The Hubble static exporter is disabled" module=agent.controlplane.hubble.hubble-exporters
time=2026-03-21T09:15:21.752161257Z level=info msg="The Hubble dynamic exporter is disabled" module=agent.controlplane.hubble.hubble-exporters
time=2026-03-21T09:15:21.753560688Z level=info msg="The Hubble packet drop events emitter is disabled" module=agent.controlplane.hubble.hubble-dropeventemitter
time=2026-03-21T09:15:21.755929628Z level=info msg="Certloader TLS watcher disabled" module=agent.controlplane.hubble.hubble-metrics config=certloader-server-tls
time=2026-03-21T09:15:21.760560757Z level=info msg="The Hubble metrics server is disabled" module=agent.controlplane.hubble.hubble-metrics
time=2026-03-21T09:15:21.871612475Z level=info msg=Invoked duration=675.994902ms function="cmd.configureAPIServer (cmd/cells.go:372)"
time=2026-03-21T09:15:22.24260125Z level=info msg="Determined final XDP mode" module=agent.datapath.datapath-xdp-config accelarationMode=disabled mode=disabled
time=2026-03-21T09:15:22.270952404Z level=info msg="Starting hive"
time=2026-03-21T09:15:22.272493586Z level=info msg="Started gops server" module=agent.infra.gops address=127.0.0.1:9890
time=2026-03-21T09:15:22.276264582Z level=info msg="Establishing connection to apiserver" module=agent.infra.k8s-client ipAddr=https://192.168.1.37:6443
time=2026-03-21T09:15:22.31081663Z level=info msg="Connected to apiserver" module=agent.infra.k8s-client
time=2026-03-21T09:15:22.320351015Z level=info msg="Waiting until all Cilium CRDs are available" module=agent.infra.k8s-synced-crdsync
time=2026-03-21T09:15:22.422787107Z level=info msg="All Cilium CRDs have been found and are available" module=agent.infra.k8s-synced-crdsync
time=2026-03-21T09:15:22.525771245Z level=info msg="no local ciliumnode found, will not restore cilium internal and health ips from k8s" module=agent.controlplane.local-node-sync
time=2026-03-21T09:15:22.527027466Z level=info msg="Local boot ID" module=agent.controlplane.local-node-sync bootID=68e614df-3d66-42dd-9ed9-0036a59f079e
time=2026-03-21T09:15:22.527840057Z level=info msg="Start hook executed" function="node.NewLocalNodeStore.func1 (pkg/node/local_node_store.go:90) (agent.controlplane.local-node-store)" duration=208.219674ms
time=2026-03-21T09:15:22.531053381Z level=info msg="Serving cilium node monitor v1.2 API at unix:///var/run/cilium/monitor1_2.sock" module=agent.datapath.monitor-agent
time=2026-03-21T09:15:22.532576187Z level=info msg="No identity checkpoint file found, skipping restoration" module=agent.controlplane.identity.identity file-path=/var/run/cilium/state/local_allocator_state.json
time=2026-03-21T09:15:22.534000701Z level=info msg="Removed map pin, recreating and re-pinning map" bpfMapPath=cilium_ipcache_v2 bpfMapName=cilium_ipcache_v2
time=2026-03-21T09:15:22.546137362Z level=info msg="Devices changed" module=agent.datapath.devices-controller devices="[end0 wpan0]"
time=2026-03-21T09:15:22.55221313Z level=info msg="Fallback node addresses updated" module=agent.datapath.node-address addresses="192.168.1.68 (primary), 2a01:e0a:a78:f280:7004:3fb4:c024:bfc3 (primary)" device=*
time=2026-03-21T09:15:22.552625843Z level=info msg="Node addresses updated" module=agent.datapath.node-address addresses="192.168.1.68 (primary, nodeport), 2a01:e0a:a78:f280:7004:3fb4:c024:bfc3 (primary), fe80::3816:7382:d19d:3527 (nodeport)" device=end0
time=2026-03-21T09:15:22.553016388Z level=info msg="Node addresses updated" module=agent.datapath.node-address addresses="10.84.16.124 (primary), fe80::a476:90ff:fe8f:764 (primary)" device=cilium_host
time=2026-03-21T09:15:22.553429101Z level=info msg="Node addresses updated" module=agent.datapath.node-address addresses="fd72:b6d4:9a2c:7f0c:0:ff:fe00:3000 (primary, nodeport), fd72:b6d4:9a2c:7f0c:0:ff:fe00:fc00, fd72:b6d4:9a2c:7f0c:0:ff:fe00:fc10, fd72:b6d4:9a2c:7f0c:0:ff:fe00:fc11, fd72:b6d4:9a2c:7f0c:0:ff:fe00:fc38, fd72:b6d4:9a2c:7f0c:2f41:ba3f:1e0a:dc30, fdd6:7201:5224:1:2a91:a6a4:e165:d948, fe80::7c57:21c1:d4d1:d371" device=wpan0
time=2026-03-21T09:15:22.553810896Z level=info msg="Node addresses updated" module=agent.datapath.node-address addresses="192.168.1.68 (primary), 2a01:e0a:a78:f280:7004:3fb4:c024:bfc3 (primary)" device=*
time=2026-03-21T09:15:22.66464357Z level=info msg="Fallback node addresses updated" module=agent.datapath.node-address addresses="192.168.1.68 (primary), 2a01:e0a:a78:f280:7004:3fb4:c024:bfc3 (primary)" device=*
time=2026-03-21T09:15:22.747323425Z level=info msg="Start hook executed" function="iptables.newIptablesManager.func1 (.../datapath/iptables/iptables.go:391) (agent.datapath.iptables)" duration=175.006389ms
time=2026-03-21T09:15:22.842929491Z level=info msg="Datapath signal listener running" module=agent.controlplane.signal
time=2026-03-21T09:15:22.843386246Z level=info msg="BPF host routing requires enable-bpf-masquerade. Falling back to legacy host routing (enable-host-legacy-routing=true)." module=agent.controlplane.kube-proxy-replacement-init
time=2026-03-21T09:15:22.843485122Z level=info msg="kube-proxy replacement starting with the following config" module=agent.controlplane.kube-proxy-replacement-init kprConfiguration="{KubeProxyReplacement:true EnableSocketLB:true}"
time=2026-03-21T09:15:22.855038444Z level=info msg="Starting connection tracking garbage collector" module=agent.datapath.maps.ct-nat-map-gc
time=2026-03-21T09:15:22.857936472Z level=info msg="k8s mode: Allowing localhost to reach local endpoints" module=agent.controlplane.daemonconfig
time=2026-03-21T09:15:22.878918304Z level=info msg="Restored node IDs from the BPF map" module=agent.datapath count=8
time=2026-03-21T09:15:22.882201336Z level=info msg="Removing stale endpoint interfaces" module=agent.controlplane.endpoint-restore
time=2026-03-21T09:15:22.887836392Z level=info msg="Reading old endpoints..." module=agent.controlplane.endpoint-restore
time=2026-03-21T09:15:22.888600857Z level=info msg="No old endpoints found." module=agent.controlplane.endpoint-restore
time=2026-03-21T09:15:22.889192363Z level=info msg="Initializing daemon" module=agent.controlplane.daemon
time=2026-03-21T09:15:22.890470459Z level=info msg="Retrieved node information from kubernetes node" module=agent.controlplane.daemon nodeName=ha-cilium
time=2026-03-21T09:15:22.891018215Z level=info msg="Received own node information from API server" module=agent.controlplane.daemon nodeName=ha-cilium labels="map[beta.kubernetes.io/arch:arm64 beta.kubernetes.io/os:linux kubernetes.io/arch:arm64 kubernetes.io/hostname:ha-cilium kubernetes.io/os:linux node-role.kubernetes.io/cilium-router:]" ipv4=192.168.1.68 ipv6="" v4Prefix=10.84.17.0/24 v6Prefix=<nil> k8sNodeIP=192.168.1.68
time=2026-03-21T09:15:22.892828316Z level=info msg="Direct routing device detected" module=agent.controlplane.daemon direct-routing-device=end0
time=2026-03-21T09:15:22.893067485Z level=info msg="Enabling k8s event listener" module=agent.controlplane.k8s-watcher
time=2026-03-21T09:15:22.896175224Z level=info msg="Waiting until all pre-existing resources have been received" module=agent.controlplane.k8s-watcher
time=2026-03-21T09:15:22.900336181Z level=info msg="Initializing node addressing" module=agent.controlplane.daemon
time=2026-03-21T09:15:22.900512933Z level=info msg="Initializing IPAM" module=agent.controlplane.ipam mode=kubernetes v4Prefix=10.84.17.0/24 v6Prefix=<nil>
time=2026-03-21T09:15:22.900645059Z level=info msg="Restoring endpoints..." module=agent.controlplane.endpoint-restore
time=2026-03-21T09:15:22.905023894Z level=info msg="Endpoints restored" module=agent.controlplane.endpoint-restore restored=0 failed=0
time=2026-03-21T09:15:22.909348478Z level=info msg="More than one stale router IP was found on the cilium_host device after restoration, cleaning up old router IPs." module=agent.controlplane.agent-infra-endpoints
time=2026-03-21T09:15:22.915523414Z level=info msg="Node updated" module=agent.controlplane.node-manager clusterName=ardoines nodeName=bazzite spi=255
time=2026-03-21T09:15:22.916562049Z level=info msg="Node updated" module=agent.controlplane.node-manager clusterName=ardoines nodeName=ha-cilium spi=255
time=2026-03-21T09:15:22.917082388Z level=info msg="Creating or updating CiliumNode resource" module=agent.controlplane.nodediscovery node=ha-cilium
time=2026-03-21T09:15:22.917812437Z level=info msg="Adding local node to cluster" module=agent.controlplane.nodediscovery node=ha-cilium
time=2026-03-21T09:15:22.918533444Z level=info msg="Node updated" module=agent.controlplane.node-manager clusterName=ardoines nodeName=raspberrypi spi=0
time=2026-03-21T09:15:22.926385188Z level=info msg="Unable to get CiliumNode resource" module=agent.controlplane.nodediscovery error="ciliumnodes.cilium.io \"ha-cilium\" not found" retries=0
time=2026-03-21T09:15:22.951591852Z level=info msg="Fallback node addresses updated" module=agent.datapath.node-address addresses="192.168.1.68 (primary), 2a01:e0a:a78:f280:7004:3fb4:c024:bfc3 (primary)" device=*
time=2026-03-21T09:15:22.953941834Z level=info msg="Node addresses updated" module=agent.datapath.node-address addresses="fe80::a476:90ff:fe8f:764 (primary)" device=cilium_host
time=2026-03-21T09:15:22.957748121Z level=info msg="Successfully created CiliumNode resource" module=agent.controlplane.nodediscovery
time=2026-03-21T09:15:22.958383961Z level=info msg="Initializing identity allocator" module=agent.controlplane.identity.identity
time=2026-03-21T09:15:22.958777423Z level=info msg="Allocating identities between range" module=agent.controlplane.identity.identity min=131072 max=196607 clusterID=2
time=2026-03-21T09:15:22.961059445Z level=info msg="Validating configured node address ranges" module=agent.controlplane.daemon
time=2026-03-21T09:15:22.962805963Z level=info msg="Daemon initialization completed" module=agent.controlplane.daemon bootstrapTime=3.222936717s
time=2026-03-21T09:15:22.965879868Z level=info msg="Serving cilium API at unix:///var/run/cilium/cilium.sock" module=agent.infra.cilium-api-server
time=2026-03-21T09:15:22.972029137Z level=info msg="Configuring Hubble server" module=agent.controlplane.hubble maxFlows=4095 eventQueueSize=4096
time=2026-03-21T09:15:22.981513938Z level=info msg="Starting local Hubble server" module=agent.controlplane.hubble address=unix:///var/run/cilium/hubble.sock
time=2026-03-21T09:15:22.981952318Z level=warn msg="Initial TLS configuration load failed, certificate files might not yet be available, waiting on fswatcher update to become ready" module=agent.controlplane.hubble config=certloader-server-tls reloadKeypairError="failed to load keypair: open /var/lib/cilium/tls/hubble/server.crt: no such file or directory" reloadCAError="failed to load cert \"/var/lib/cilium/tls/hubble/client-ca.crt\": open /var/lib/cilium/tls/hubble/client-ca.crt: no such file or directory"
time=2026-03-21T09:15:22.982938161Z level=info msg="Beginning to read perf buffer" module=agent.datapath.monitor-agent startTime=2026-03-21T09:15:22.982Z
time=2026-03-21T09:15:22.986249485Z level=info msg="Shell listening" module=agent.infra.shell socket=/var/run/cilium/shell.sock
time=2026-03-21T09:15:22.987186619Z level=info msg="Starting healthz status API server" module=agent.infra.agent-healthz address=127.0.0.1:9879
time=2026-03-21T09:15:23.008180117Z level=info msg="Creating BPF socket destroyer" module=agent.controlplane.loadbalancer-reconciler.socket-termination
time=2026-03-21T09:15:23.026994844Z level=info msg="bpf_sock_destroy is not supported on the current kernel. Falling back to netlink-based socket destroyer" module=agent.controlplane.loadbalancer-reconciler.socket-termination
time=2026-03-21T09:15:23.027135429Z level=info msg="Creating netlink socket destroyer" module=agent.controlplane.loadbalancer-reconciler.socket-termination
time=2026-03-21T09:15:23.061569643Z level=warn msg="Mismatch found" module=agent.controlplane.config-drift-checker key=procfs actual=/proc expectedValue=/host/proc expectedSource=procfs/cilium-config
time=2026-03-21T09:15:23.061794228Z level=warn msg="Mismatch found" module=agent.controlplane.config-drift-checker key=write-cni-conf-when-ready actual="" expectedValue=/host/etc/cni/net.d/05-cilium.conflist expectedSource=write-cni-conf-when-ready/cilium-config
time=2026-03-21T09:15:23.061888438Z level=warn msg="Mismatch found" module=agent.controlplane.config-drift-checker key=bpf-lb-sock actual=true expectedValue=false expectedSource=bpf-lb-sock/cilium-config
time=2026-03-21T09:15:23.061939771Z level=warn msg="Mismatch found" module=agent.controlplane.config-drift-checker key=enable-health-check-nodeport actual=false expectedValue=true expectedSource=enable-health-check-nodeport/cilium-config
time=2026-03-21T09:15:23.062008605Z level=warn msg="Mismatch found" module=agent.controlplane.config-drift-checker key=bpf-root actual=/host/bpf expectedValue=/sys/fs/bpf expectedSource=bpf-root/cilium-config
time=2026-03-21T09:15:23.062051773Z level=warn msg="Mismatch found" module=agent.controlplane.config-drift-checker key=cni-exclusive actual=false expectedValue=true expectedSource=cni-exclusive/cilium-config
time=2026-03-21T09:15:23.062187982Z level=warn msg="Mismatch found" module=agent.controlplane.config-drift-checker key=cgroup-root actual=/host/cgroup expectedValue=/run/cilium/cgroupv2 expectedSource=cgroup-root/cilium-config
time=2026-03-21T09:15:23.062333234Z level=warn msg="Mismatch found" module=agent.controlplane.config-drift-checker key=enable-l7-proxy actual=false expectedValue=true expectedSource=enable-l7-proxy/cilium-config
time=2026-03-21T09:15:23.111653677Z level=info msg="All policy resources synchronized!" module=agent.controlplane.policy-k8s-watcher
time=2026-03-21T09:15:23.136770508Z level=info msg="Setting IPv6" module=agent.datapath.loader device=cilium_vxlan gso_max_size=65536 gro_max_size=65536
time=2026-03-21T09:15:23.154463765Z level=info msg="Setting IPv4" module=agent.datapath.loader device=cilium_vxlan gso_max_size=65536 gro_max_size=65536
time=2026-03-21T09:15:23.252243061Z level=info msg="Regenerating restored endpoints" module=agent.controlplane.endpoint-restore restored=0
time=2026-03-21T09:15:23.255269716Z level=info msg="Processing queued deletion requests" module=agent.controlplane.endpoint-api lenEndpoints=0
time=2026-03-21T09:15:23.258039993Z level=info msg="Removing obsolete AllowedIPs from WireGuard peer" module=agent.datapath.wireguard-agent endpoint=192.168.1.36:51871 pubKey="u57AJ4EBbcpMgeOhHvCa+hX+L9hsUBsEx8zVwB/jiRo="
time=2026-03-21T09:15:23.259781552Z level=info msg="Removing obsolete AllowedIPs from WireGuard peer" module=agent.datapath.wireguard-agent endpoint=192.168.1.37:51871 pubKey="f6CMoDfSwfg8aTYKI+mIGufcM7yOOsi3KRTPuctkp3g="
time=2026-03-21T09:15:23.261681779Z level=info msg="Fence waiting" module=agent.controlplane.endpoint-api name=cni-deletion-queue remaining=1
time=2026-03-21T09:15:23.262254326Z level=info msg="Fence done" module=agent.controlplane.endpoint-api name=cni-deletion-queue remaining=1 duration=676.382µs
time=2026-03-21T09:15:23.262521204Z level=info msg="Finished regenerating restored endpoints" module=agent.controlplane.endpoint-restore regenerated=0 failed=0 total=0
time=2026-03-21T09:15:23.266337991Z level=info msg="Creating host endpoint" module=agent.controlplane.agent-infra-endpoints
time=2026-03-21T09:15:23.274391279Z level=info msg="New endpoint" desiredPolicyRevision=0 containerInterface="" endpointID=2005 ciliumEndpointName=/ ipv4="" containerID="" k8sPodName=/ ipv6="" datapathPolicyRevision=0 subsys=endpoint
time=2026-03-21T09:15:23.275472206Z level=warn msg="Endpoint doesn't have v4 nor v6 addresses. This is a bug!" module=agent.datapath.l2-pod-announcements-gneigh
time=2026-03-21T09:15:23.276416924Z level=info msg="Resolving identity labels (blocking)" desiredPolicyRevision=0 containerInterface="" endpointID=2005 ciliumEndpointName=/ ipv4="" containerID="" k8sPodName=/ ipv6="" datapathPolicyRevision=0 subsys=endpoint identityLabels=k8s:node-role.kubernetes.io/cilium-router,reserved:host
time=2026-03-21T09:15:23.277144639Z level=info msg="Identity of endpoint changed" desiredPolicyRevision=0 containerInterface="" endpointID=2005 ciliumEndpointName=/ ipv4="" containerID="" k8sPodName=/ ipv6="" datapathPolicyRevision=0 subsys=endpoint new-identity=1 old-identity="no identity" identityLabels=k8s:node-role.kubernetes.io/cilium-router,reserved:host
time=2026-03-21T09:15:23.280183836Z level=info msg="Launching Cilium health daemon" module=agent.controlplane.cilium-health
time=2026-03-21T09:15:23.292550332Z level=info msg="Start hook executed" function="datapath.initDatapath.func1 (pkg/datapath/cells.go:167) (agent.datapath)" duration=310.214761ms
time=2026-03-21T09:15:23.296740457Z level=info msg="Removed stale bpf map" module=agent.datapath.maps-cleanup file-path=/host/bpf/tc/globals/cilium_calls_01371
time=2026-03-21T09:15:23.303266854Z level=info msg="Launching Cilium health endpoint" module=agent.controlplane.cilium-health
time=2026-03-21T09:15:23.309513833Z level=info msg="Starting GC of connection tracking" module=agent.datapath.maps.ct-nat-map-gc first=true
time=2026-03-21T09:15:23.312326694Z level=info msg="Started hive" duration=1.039983317s
time=2026-03-21T09:15:23.311142515Z level=info msg="Cleaning up Cilium health endpoint" module=agent.controlplane.cilium-health
time=2026-03-21T09:15:23.316983489Z level=info msg="Removed stale bpf map" module=agent.datapath.maps-cleanup file-path=/host/bpf/tc/globals/cilium_policy_v2_00837
time=2026-03-21T09:15:23.318010166Z level=info msg="Removed stale bpf map" module=agent.datapath.maps-cleanup file-path=/host/bpf/tc/globals/cilium_policy_v2_01371
time=2026-03-21T09:15:23.318543921Z level=info msg="Removed stale bpf map" module=agent.datapath.maps-cleanup file-path=/host/bpf/tc/globals/cilium_l2_responder_v6
time=2026-03-21T09:15:23.318663506Z level=info msg="Removed stale bpf map" module=agent.datapath.maps-cleanup file-path=/host/bpf/tc/globals/cilium_lb4_maglev
time=2026-03-21T09:15:23.359704327Z level=info msg="Conntrack garbage collector interval recalculated" module=agent.datapath.maps.ct-nat-map-gc expectedPrevInterval=5m0s actualPrevInterval=0s newInterval=7m30s deleteRatio=0.00205230712890625 adjustedDeleteRatio=0.00205230712890625
time=2026-03-21T09:15:23.36105359Z level=info msg="Initial scan of connection tracking completed, starting ctmap pressure metrics controller" module=agent.datapath.maps.ct-nat-map-gc
time=2026-03-21T09:15:23.360893172Z level=info msg="initial gc of ct and nat maps completed" module=agent.datapath.maps.ct-nat-map-gc duration=51.385756ms
time=2026-03-21T09:15:23.374285762Z level=info msg="Fallback node addresses updated" module=agent.datapath.node-address addresses="192.168.1.68 (primary), 2a01:e0a:a78:f280:7004:3fb4:c024:bfc3 (primary)" device=*
time=2026-03-21T09:15:23.375137437Z level=info msg="Node addresses updated" module=agent.datapath.node-address addresses="10.84.17.145 (primary), fe80::a476:90ff:fe8f:764 (primary)" device=cilium_host
time=2026-03-21T09:15:23.553748278Z level=info msg="Fallback node addresses updated" module=agent.datapath.node-address addresses="192.168.1.68 (primary), 2a01:e0a:a78:f280:7004:3fb4:c024:bfc3 (primary)" device=*
time=2026-03-21T09:15:23.755998059Z level=info msg="Fallback node addresses updated" module=agent.datapath.node-address addresses="192.168.1.68 (primary), 2a01:e0a:a78:f280:7004:3fb4:c024:bfc3 (primary)" device=*
time=2026-03-21T09:15:24.692343898Z level=info msg="New endpoint" ipv4=10.84.17.1 endpointID=1254 ciliumEndpointName=/ k8sPodName=/ datapathPolicyRevision=0 ipv6="" containerID="" desiredPolicyRevision=0 containerInterface="" subsys=endpoint
time=2026-03-21T09:15:24.69325449Z level=info msg="Resolving identity labels (blocking)" ipv4=10.84.17.1 endpointID=1254 ciliumEndpointName=/ k8sPodName=/ datapathPolicyRevision=0 ipv6="" containerID="" desiredPolicyRevision=0 containerInterface="" subsys=endpoint identityLabels=reserved:health
time=2026-03-21T09:15:24.69444946Z level=info msg="Identity of endpoint changed" ipv4=10.84.17.1 endpointID=1254 ciliumEndpointName=/ k8sPodName=/ datapathPolicyRevision=0 ipv6="" containerID="" desiredPolicyRevision=0 containerInterface="" subsys=endpoint new-identity=4 old-identity="no identity" identityLabels=reserved:health
time=2026-03-21T09:15:25.05312424Z level=info msg="Fallback node addresses updated" module=agent.datapath.node-address addresses="192.168.1.68 (primary), 2a01:e0a:a78:f280:7004:3fb4:c024:bfc3 (primary)" device=*
time=2026-03-21T09:15:27.935445765Z level=info msg="Updated link for program" module=agent.datapath.loader name=cil_sock6_recvmsg pin=/host/bpf/cilium/socketlb/links/cgroup/cil_sock6_recvmsg
time=2026-03-21T09:15:27.938507712Z level=info msg="Updated link for program" module=agent.datapath.loader name=cil_sock6_getpeername pin=/host/bpf/cilium/socketlb/links/cgroup/cil_sock6_getpeername
time=2026-03-21T09:15:27.941657159Z level=info msg="Updated link for program" module=agent.datapath.loader name=cil_sock6_post_bind pin=/host/bpf/cilium/socketlb/links/cgroup/cil_sock6_post_bind
time=2026-03-21T09:15:27.945103235Z level=info msg="Updated link for program" module=agent.datapath.loader name=cil_sock_release pin=/host/bpf/cilium/socketlb/links/cgroup/cil_sock_release
time=2026-03-21T09:15:27.94731409Z level=info msg="Updated link for program" module=agent.datapath.loader name=cil_sock4_recvmsg pin=/host/bpf/cilium/socketlb/links/cgroup/cil_sock4_recvmsg
time=2026-03-21T09:15:27.950737999Z level=info msg="Updated link for program" module=agent.datapath.loader name=cil_sock4_getpeername pin=/host/bpf/cilium/socketlb/links/cgroup/cil_sock4_getpeername
time=2026-03-21T09:15:27.953690278Z level=info msg="Updated link for program" module=agent.datapath.loader name=cil_sock4_post_bind pin=/host/bpf/cilium/socketlb/links/cgroup/cil_sock4_post_bind
time=2026-03-21T09:15:27.956736766Z level=info msg="Updated link for program" module=agent.datapath.loader name=cil_sock6_connect pin=/host/bpf/cilium/socketlb/links/cgroup/cil_sock6_connect
time=2026-03-21T09:15:27.959820005Z level=info msg="Updated link for program" module=agent.datapath.loader name=cil_sock4_connect pin=/host/bpf/cilium/socketlb/links/cgroup/cil_sock4_connect
time=2026-03-21T09:15:27.962029693Z level=info msg="Updated link for program" module=agent.datapath.loader name=cil_sock4_sendmsg pin=/host/bpf/cilium/socketlb/links/cgroup/cil_sock4_sendmsg
time=2026-03-21T09:15:27.964192131Z level=info msg="Updated link for program" module=agent.datapath.loader name=cil_sock6_sendmsg pin=/host/bpf/cilium/socketlb/links/cgroup/cil_sock6_sendmsg
node/ha-cilium patched
time=2026-03-21T09:15:39.550800885Z level=info msg="Fallback node addresses updated" module=agent.datapath.node-address addresses="192.168.1.68 (primary), 2a01:e0a:a78:f280:7004:3fb4:c024:bfc3 (primary)" device=*
node/ha-cilium patched
time=2026-03-21T09:15:44.978551585Z level=info msg="Updated link for program" module=agent.datapath.loader link=/host/bpf/cilium/devices/cilium_wg0/links/cil_from_wireguard progName=cil_from_wireguard
time=2026-03-21T09:15:52.971393773Z level=info msg="Waiting for certloader TLS certificate and key files to be created" module=agent.controlplane.hubble config=certloader-server-tls
node/ha-cilium patched
time=2026-03-21T09:15:57.385843361Z level=info msg="Updated link for program" module=agent.datapath.loader link=/host/bpf/cilium/devices/cilium_vxlan/links/cil_from_overlay progName=cil_from_overlay
time=2026-03-21T09:15:57.387163749Z level=info msg="Updated link for program" module=agent.datapath.loader link=/host/bpf/cilium/devices/cilium_vxlan/links/cil_to_overlay progName=cil_to_overlay
node/ha-cilium patched
time=2026-03-21T09:16:17.730151925Z level=info msg="Compiled new BPF template" module=agent.datapath.loader file-path=/var/run/cilium/state/templates/b05314976ce23ff2e538eacc657faa418b0faf826d55ce440b10d68ee710c113/bpf_host.o BPFCompilationTime=20.315552282s
[heartbeat] WARNING: 6 consecutive failures
time=2026-03-21T09:16:18.276950626Z level=info msg="Updated link for program" module=agent.datapath.loader link=/host/bpf/cilium/devices/cilium_host/links/cil_to_host progName=cil_to_host
time=2026-03-21T09:16:18.282067676Z level=info msg="Updated link for program" module=agent.datapath.loader link=/host/bpf/cilium/devices/cilium_host/links/cil_from_host progName=cil_from_host
node/ha-cilium patched
time=2026-03-21T09:16:18.735277501Z level=info msg="Updated link for program" module=agent.datapath.loader link=/host/bpf/cilium/devices/cilium_net/links/cil_to_host progName=cil_to_host
time=2026-03-21T09:16:19.325467586Z level=info msg="Updated link for program" module=agent.datapath.loader link=/host/bpf/cilium/devices/end0/links/cil_from_netdev progName=cil_from_netdev
time=2026-03-21T09:16:19.328143071Z level=info msg="Updated link for program" module=agent.datapath.loader link=/host/bpf/cilium/devices/end0/links/cil_to_netdev progName=cil_to_netdev
time=2026-03-21T09:16:19.799025152Z level=info msg="Updated link for program" module=agent.datapath.loader link=/host/bpf/cilium/devices/wpan0/links/cil_from_netdev progName=cil_from_netdev
time=2026-03-21T09:16:19.801707345Z level=info msg="Updated link for program" module=agent.datapath.loader link=/host/bpf/cilium/devices/wpan0/links/cil_to_netdev progName=cil_to_netdev
time=2026-03-21T09:16:19.815001642Z level=info msg="Reloaded endpoint BPF program" desiredPolicyRevision=1 containerInterface="" endpointID=2005 ciliumEndpointName=/ ipv4="" containerID="" identity=1 k8sPodName=/ ipv6="" datapathPolicyRevision=0 subsys=endpoint
time=2026-03-21T09:16:19.885623877Z level=info msg="Serving cilium health API at unix:///var/run/cilium/health.sock" module=agent.controlplane.cilium-health subsys=cilium-health-api-server
time=2026-03-21T09:16:20.307780521Z level=info msg="Updated link for program" module=agent.datapath.loader link=/host/bpf/cilium/devices/cilium_host/links/cil_to_host progName=cil_to_host
time=2026-03-21T09:16:20.312951238Z level=info msg="Updated link for program" module=agent.datapath.loader link=/host/bpf/cilium/devices/cilium_host/links/cil_from_host progName=cil_from_host
time=2026-03-21T09:16:20.729862206Z level=info msg="Updated link for program" module=agent.datapath.loader link=/host/bpf/cilium/devices/cilium_net/links/cil_to_host progName=cil_to_host
time=2026-03-21T09:16:21.249772768Z level=info msg="Updated link for program" module=agent.datapath.loader link=/host/bpf/cilium/devices/end0/links/cil_from_netdev progName=cil_from_netdev
time=2026-03-21T09:16:21.252191292Z level=info msg="Updated link for program" module=agent.datapath.loader link=/host/bpf/cilium/devices/end0/links/cil_to_netdev progName=cil_to_netdev
time=2026-03-21T09:16:21.570901504Z level=info msg="Updated link for program" module=agent.datapath.loader link=/host/bpf/cilium/devices/wpan0/links/cil_from_netdev progName=cil_from_netdev
time=2026-03-21T09:16:21.571881805Z level=info msg="Updated link for program" module=agent.datapath.loader link=/host/bpf/cilium/devices/wpan0/links/cil_to_netdev progName=cil_to_netdev
time=2026-03-21T09:16:21.578859998Z level=info msg="Reloaded endpoint BPF program" desiredPolicyRevision=1 containerInterface="" endpointID=2005 ciliumEndpointName=/ ipv4="" containerID="" identity=1 k8sPodName=/ ipv6="" datapathPolicyRevision=1 subsys=endpoint
time=2026-03-21T09:16:23.867211043Z level=info msg="Compiled new BPF template" module=agent.datapath.loader file-path=/var/run/cilium/state/templates/9dac47849ccfdba28a57e3552007b6fdd64659f687c6ed2ff296d71d85435db2/bpf_lxc.o BPFCompilationTime=26.452537899s
time=2026-03-21T09:16:24.43031232Z level=info msg="Program attached to device using tcx" module=agent.datapath.loader progName=cil_from_container device=lxc_health
time=2026-03-21T09:16:24.433180598Z level=info msg="Reloaded endpoint BPF program" ipv4=10.84.17.1 endpointID=1254 ciliumEndpointName=/ k8sPodName=/ datapathPolicyRevision=0 ipv6="" containerID="" desiredPolicyRevision=1 identity=4 containerInterface="" subsys=endpoint
time=2026-03-21T09:16:24.714715778Z level=info msg="Updated link for program" module=agent.datapath.loader link=/host/bpf/cilium/endpoints/1254/links/cil_from_container progName=cil_from_container
time=2026-03-21T09:16:24.717181844Z level=info msg="Reloaded endpoint BPF program" ipv4=10.84.17.1 endpointID=1254 ciliumEndpointName=/ k8sPodName=/ datapathPolicyRevision=1 ipv6="" containerID="" desiredPolicyRevision=1 identity=4 containerInterface="" subsys=endpoint
time=2026-03-21T09:16:24.736643202Z level=info msg="Setting IPv6" module=agent.datapath.loader device=cilium_vxlan gso_max_size=65536 gro_max_size=65536
time=2026-03-21T09:16:24.737327167Z level=info msg="Setting IPv4" module=agent.datapath.loader device=cilium_vxlan gso_max_size=65536 gro_max_size=65536
time=2026-03-21T09:16:24.851989167Z level=info msg="Fallback node addresses updated" module=agent.datapath.node-address addresses="192.168.1.68 (primary), 2a01:e0a:a78:f280:7004:3fb4:c024:bfc3 (primary)" device=*
time=2026-03-21T09:16:28.361487609Z level=info msg="Updated link for program" module=agent.datapath.loader name=cil_sock6_recvmsg pin=/host/bpf/cilium/socketlb/links/cgroup/cil_sock6_recvmsg
time=2026-03-21T09:16:28.361997156Z level=info msg="Updated link for program" module=agent.datapath.loader name=cil_sock4_connect pin=/host/bpf/cilium/socketlb/links/cgroup/cil_sock4_connect
time=2026-03-21T09:16:28.362418327Z level=info msg="Updated link for program" module=agent.datapath.loader name=cil_sock4_post_bind pin=/host/bpf/cilium/socketlb/links/cgroup/cil_sock4_post_bind
time=2026-03-21T09:16:28.362787289Z level=info msg="Updated link for program" module=agent.datapath.loader name=cil_sock6_connect pin=/host/bpf/cilium/socketlb/links/cgroup/cil_sock6_connect
time=2026-03-21T09:16:28.363160626Z level=info msg="Updated link for program" module=agent.datapath.loader name=cil_sock6_sendmsg pin=/host/bpf/cilium/socketlb/links/cgroup/cil_sock6_sendmsg
time=2026-03-21T09:16:28.363507713Z level=info msg="Updated link for program" module=agent.datapath.loader name=cil_sock6_getpeername pin=/host/bpf/cilium/socketlb/links/cgroup/cil_sock6_getpeername
time=2026-03-21T09:16:28.363926842Z level=info msg="Updated link for program" module=agent.datapath.loader name=cil_sock6_post_bind pin=/host/bpf/cilium/socketlb/links/cgroup/cil_sock6_post_bind
time=2026-03-21T09:16:28.364649015Z level=info msg="Updated link for program" module=agent.datapath.loader name=cil_sock_release pin=/host/bpf/cilium/socketlb/links/cgroup/cil_sock_release
time=2026-03-21T09:16:28.365135812Z level=info msg="Updated link for program" module=agent.datapath.loader name=cil_sock4_sendmsg pin=/host/bpf/cilium/socketlb/links/cgroup/cil_sock4_sendmsg
time=2026-03-21T09:16:28.367451085Z level=info msg="Updated link for program" module=agent.datapath.loader name=cil_sock4_recvmsg pin=/host/bpf/cilium/socketlb/links/cgroup/cil_sock4_recvmsg
time=2026-03-21T09:16:28.368065341Z level=info msg="Updated link for program" module=agent.datapath.loader name=cil_sock4_getpeername pin=/host/bpf/cilium/socketlb/links/cgroup/cil_sock4_getpeername
node/ha-cilium patched
node/ha-cilium patched
time=2026-03-21T09:16:44.288668902Z level=info msg="Updated link for program" module=agent.datapath.loader link=/host/bpf/cilium/devices/cilium_wg0/links/cil_from_wireguard progName=cil_from_wireguard
node/ha-cilium patched
time=2026-03-21T09:16:56.78905926Z level=info msg="Updated link for program" module=agent.datapath.loader link=/host/bpf/cilium/devices/cilium_vxlan/links/cil_from_overlay progName=cil_from_overlay
time=2026-03-21T09:16:56.789830725Z level=info msg="Updated link for program" module=agent.datapath.loader link=/host/bpf/cilium/devices/cilium_vxlan/links/cil_to_overlay progName=cil_to_overlay
time=2026-03-21T09:16:57.228726278Z level=info msg="Updated link for program" module=agent.datapath.loader link=/host/bpf/cilium/endpoints/1254/links/cil_from_container progName=cil_from_container
time=2026-03-21T09:16:57.231002758Z level=info msg="Reloaded endpoint BPF program" ipv4=10.84.17.1 endpointID=1254 ciliumEndpointName=/ k8sPodName=/ datapathPolicyRevision=1 ipv6="" containerID="" desiredPolicyRevision=1 identity=4 containerInterface="" subsys=endpoint
time=2026-03-21T09:16:57.295872103Z level=info msg="Updated link for program" module=agent.datapath.loader link=/host/bpf/cilium/devices/cilium_host/links/cil_to_host progName=cil_to_host
time=2026-03-21T09:16:57.296687611Z level=info msg="Updated link for program" module=agent.datapath.loader link=/host/bpf/cilium/devices/cilium_host/links/cil_from_host progName=cil_from_host
time=2026-03-21T09:16:57.632104648Z level=info msg="Updated link for program" module=agent.datapath.loader link=/host/bpf/cilium/devices/cilium_net/links/cil_to_host progName=cil_to_host
time=2026-03-21T09:16:58.063673462Z level=info msg="Updated link for program" module=agent.datapath.loader link=/host/bpf/cilium/devices/end0/links/cil_from_netdev progName=cil_from_netdev
time=2026-03-21T09:16:58.064540887Z level=info msg="Updated link for program" module=agent.datapath.loader link=/host/bpf/cilium/devices/end0/links/cil_to_netdev progName=cil_to_netdev
time=2026-03-21T09:16:58.36852645Z level=info msg="Updated link for program" module=agent.datapath.loader link=/host/bpf/cilium/devices/wpan0/links/cil_from_netdev progName=cil_from_netdev
time=2026-03-21T09:16:58.369381917Z level=info msg="Updated link for program" module=agent.datapath.loader link=/host/bpf/cilium/devices/wpan0/links/cil_to_netdev progName=cil_to_netdev
time=2026-03-21T09:16:58.37838488Z level=info msg="Reloaded endpoint BPF program" desiredPolicyRevision=1 containerInterface="" endpointID=2005 ciliumEndpointName=/ ipv4="" containerID="" identity=1 k8sPodName=/ ipv6="" datapathPolicyRevision=1 subsys=endpoint
node/ha-cilium patched
node/ha-cilium patched
[heartbeat] WARNING: 12 consecutive failures
node/ha-cilium patched
node/ha-cilium patched
node/ha-cilium patched
node/ha-cilium patched
node/ha-cilium patched
node/ha-cilium patched
[heartbeat] WARNING: 18 consecutive failures
node/ha-cilium patched
node/ha-cilium patched
node/ha-cilium patched
node/ha-cilium patched
node/ha-cilium patched

